[2026-03-09T09:13:48.528+0000] {local_task_job_runner.py:120} INFO - ::group::Pre task execution logs
[2026-03-09T09:13:48.544+0000] {taskinstance.py:2076} INFO - Dependencies all met for dep_context=non-requeueable deps ti=<TaskInstance: build_datamarts.build_user_activity_datamart manual__2026-03-09T09:13:45.774838+00:00 [queued]>
[2026-03-09T09:13:48.549+0000] {taskinstance.py:2076} INFO - Dependencies all met for dep_context=requeueable deps ti=<TaskInstance: build_datamarts.build_user_activity_datamart manual__2026-03-09T09:13:45.774838+00:00 [queued]>
[2026-03-09T09:13:48.550+0000] {taskinstance.py:2306} INFO - Starting attempt 1 of 1
[2026-03-09T09:13:48.556+0000] {taskinstance.py:2330} INFO - Executing <Task(BashOperator): build_user_activity_datamart> on 2026-03-09 09:13:45.774838+00:00
[2026-03-09T09:13:48.561+0000] {standard_task_runner.py:64} INFO - Started process 63 to run task
[2026-03-09T09:13:48.564+0000] {standard_task_runner.py:90} INFO - Running: ['***', 'tasks', 'run', 'build_datamarts', 'build_user_activity_datamart', 'manual__2026-03-09T09:13:45.774838+00:00', '--job-id', '20', '--raw', '--subdir', 'DAGS_FOLDER/datamarts_dag.py', '--cfg-path', '/tmp/tmpbroaqgss']
[2026-03-09T09:13:48.566+0000] {standard_task_runner.py:91} INFO - Job 20: Subtask build_user_activity_datamart
[2026-03-09T09:13:48.602+0000] {task_command.py:426} INFO - Running <TaskInstance: build_datamarts.build_user_activity_datamart manual__2026-03-09T09:13:45.774838+00:00 [running]> on host b6c7c57dde04
[2026-03-09T09:13:48.654+0000] {taskinstance.py:2648} INFO - Exporting env vars: AIRFLOW_CTX_DAG_OWNER='***' AIRFLOW_CTX_DAG_ID='build_datamarts' AIRFLOW_CTX_TASK_ID='build_user_activity_datamart' AIRFLOW_CTX_EXECUTION_DATE='2026-03-09T09:13:45.774838+00:00' AIRFLOW_CTX_TRY_NUMBER='1' AIRFLOW_CTX_DAG_RUN_ID='manual__2026-03-09T09:13:45.774838+00:00'
[2026-03-09T09:13:48.655+0000] {taskinstance.py:430} INFO - ::endgroup::
[2026-03-09T09:13:48.663+0000] {subprocess.py:63} INFO - Tmp dir root location: /tmp
[2026-03-09T09:13:48.665+0000] {subprocess.py:75} INFO - Running command: ['/usr/bin/bash', '-c', 'python /opt/***/scripts/build_datamarts.py build_user_activity']
[2026-03-09T09:13:48.669+0000] {subprocess.py:86} INFO - Output:
[2026-03-09T09:13:48.785+0000] {subprocess.py:93} INFO - Datamart etl.dm_user_activity created successfully.
[2026-03-09T09:13:48.789+0000] {subprocess.py:97} INFO - Command exited with return code 0
[2026-03-09T09:13:48.790+0000] {taskinstance.py:441} INFO - ::group::Post task execution logs
[2026-03-09T09:13:48.906+0000] {taskinstance.py:1206} INFO - Marking task as SUCCESS. dag_id=build_datamarts, task_id=build_user_activity_datamart, run_id=manual__2026-03-09T09:13:45.774838+00:00, execution_date=20260309T091345, start_date=20260309T091348, end_date=20260309T091348
[2026-03-09T09:13:48.955+0000] {local_task_job_runner.py:243} INFO - Task exited with return code 0
[2026-03-09T09:13:48.969+0000] {taskinstance.py:3503} INFO - 1 downstream tasks scheduled from follow-on schedule check
[2026-03-09T09:13:48.970+0000] {local_task_job_runner.py:222} INFO - ::endgroup::
