[2026-03-09T08:56:09.375+0000] {local_task_job_runner.py:120} INFO - ::group::Pre task execution logs
[2026-03-09T08:56:09.390+0000] {taskinstance.py:2076} INFO - Dependencies all met for dep_context=non-requeueable deps ti=<TaskInstance: mongo_to_postgres_etl.run_data_quality_checks manual__2026-03-09T08:55:52.528368+00:00 [queued]>
[2026-03-09T08:56:09.395+0000] {taskinstance.py:2076} INFO - Dependencies all met for dep_context=requeueable deps ti=<TaskInstance: mongo_to_postgres_etl.run_data_quality_checks manual__2026-03-09T08:55:52.528368+00:00 [queued]>
[2026-03-09T08:56:09.395+0000] {taskinstance.py:2306} INFO - Starting attempt 1 of 1
[2026-03-09T08:56:09.401+0000] {taskinstance.py:2330} INFO - Executing <Task(BashOperator): run_data_quality_checks> on 2026-03-09 08:55:52.528368+00:00
[2026-03-09T08:56:09.404+0000] {standard_task_runner.py:64} INFO - Started process 117 to run task
[2026-03-09T08:56:09.406+0000] {standard_task_runner.py:90} INFO - Running: ['***', 'tasks', 'run', 'mongo_to_postgres_etl', 'run_data_quality_checks', 'manual__2026-03-09T08:55:52.528368+00:00', '--job-id', '17', '--raw', '--subdir', 'DAGS_FOLDER/mongo_to_postgres_dag.py', '--cfg-path', '/tmp/tmpjopqvde4']
[2026-03-09T08:56:09.407+0000] {standard_task_runner.py:91} INFO - Job 17: Subtask run_data_quality_checks
[2026-03-09T08:56:09.437+0000] {task_command.py:426} INFO - Running <TaskInstance: mongo_to_postgres_etl.run_data_quality_checks manual__2026-03-09T08:55:52.528368+00:00 [running]> on host b6c7c57dde04
[2026-03-09T08:56:09.479+0000] {taskinstance.py:2648} INFO - Exporting env vars: AIRFLOW_CTX_DAG_OWNER='***' AIRFLOW_CTX_DAG_ID='mongo_to_postgres_etl' AIRFLOW_CTX_TASK_ID='run_data_quality_checks' AIRFLOW_CTX_EXECUTION_DATE='2026-03-09T08:55:52.528368+00:00' AIRFLOW_CTX_TRY_NUMBER='1' AIRFLOW_CTX_DAG_RUN_ID='manual__2026-03-09T08:55:52.528368+00:00'
[2026-03-09T08:56:09.480+0000] {taskinstance.py:430} INFO - ::endgroup::
[2026-03-09T08:56:09.487+0000] {subprocess.py:63} INFO - Tmp dir root location: /tmp
[2026-03-09T08:56:09.488+0000] {subprocess.py:75} INFO - Running command: ['/usr/bin/bash', '-c', 'python /opt/***/scripts/data_quality_checks.py']
[2026-03-09T08:56:09.492+0000] {subprocess.py:86} INFO - Output:
[2026-03-09T08:56:09.581+0000] {subprocess.py:93} INFO - Data quality checks passed successfully.
[2026-03-09T08:56:09.585+0000] {subprocess.py:97} INFO - Command exited with return code 0
[2026-03-09T08:56:09.586+0000] {taskinstance.py:441} INFO - ::group::Post task execution logs
[2026-03-09T08:56:09.601+0000] {taskinstance.py:1206} INFO - Marking task as SUCCESS. dag_id=mongo_to_postgres_etl, task_id=run_data_quality_checks, run_id=manual__2026-03-09T08:55:52.528368+00:00, execution_date=20260309T085552, start_date=20260309T085609, end_date=20260309T085609
[2026-03-09T08:56:09.718+0000] {local_task_job_runner.py:243} INFO - Task exited with return code 0
[2026-03-09T08:56:09.729+0000] {taskinstance.py:3503} INFO - 0 downstream tasks scheduled from follow-on schedule check
[2026-03-09T08:56:09.730+0000] {local_task_job_runner.py:222} INFO - ::endgroup::
