[2026-03-08T14:21:07.264+0000] {local_task_job_runner.py:120} INFO - ::group::Pre task execution logs
[2026-03-08T14:21:07.283+0000] {taskinstance.py:2076} INFO - Dependencies all met for dep_context=non-requeueable deps ti=<TaskInstance: mongo_to_postgres_etl.load_support_tickets manual__2026-03-08T14:20:55.586942+00:00 [queued]>
[2026-03-08T14:21:07.287+0000] {taskinstance.py:2076} INFO - Dependencies all met for dep_context=requeueable deps ti=<TaskInstance: mongo_to_postgres_etl.load_support_tickets manual__2026-03-08T14:20:55.586942+00:00 [queued]>
[2026-03-08T14:21:07.287+0000] {taskinstance.py:2306} INFO - Starting attempt 1 of 1
[2026-03-08T14:21:07.294+0000] {taskinstance.py:2330} INFO - Executing <Task(BashOperator): load_support_tickets> on 2026-03-08 14:20:55.586942+00:00
[2026-03-08T14:21:07.297+0000] {standard_task_runner.py:64} INFO - Started process 106 to run task
[2026-03-08T14:21:07.299+0000] {standard_task_runner.py:90} INFO - Running: ['***', 'tasks', 'run', 'mongo_to_postgres_etl', 'load_support_tickets', 'manual__2026-03-08T14:20:55.586942+00:00', '--job-id', '8', '--raw', '--subdir', 'DAGS_FOLDER/mongo_to_postgres_dag.py', '--cfg-path', '/tmp/tmpgxf7ynte']
[2026-03-08T14:21:07.301+0000] {standard_task_runner.py:91} INFO - Job 8: Subtask load_support_tickets
[2026-03-08T14:21:07.331+0000] {task_command.py:426} INFO - Running <TaskInstance: mongo_to_postgres_etl.load_support_tickets manual__2026-03-08T14:20:55.586942+00:00 [running]> on host b6c7c57dde04
[2026-03-08T14:21:07.392+0000] {taskinstance.py:2648} INFO - Exporting env vars: AIRFLOW_CTX_DAG_OWNER='***' AIRFLOW_CTX_DAG_ID='mongo_to_postgres_etl' AIRFLOW_CTX_TASK_ID='load_support_tickets' AIRFLOW_CTX_EXECUTION_DATE='2026-03-08T14:20:55.586942+00:00' AIRFLOW_CTX_TRY_NUMBER='1' AIRFLOW_CTX_DAG_RUN_ID='manual__2026-03-08T14:20:55.586942+00:00'
[2026-03-08T14:21:07.393+0000] {taskinstance.py:430} INFO - ::endgroup::
[2026-03-08T14:21:07.403+0000] {subprocess.py:63} INFO - Tmp dir root location: /tmp
[2026-03-08T14:21:07.404+0000] {subprocess.py:75} INFO - Running command: ['/usr/bin/bash', '-c', 'python /opt/***/scripts/mongo_to_postgres_etl.py load_support_tickets']
[2026-03-08T14:21:07.411+0000] {subprocess.py:86} INFO - Output:
[2026-03-08T14:21:08.673+0000] {subprocess.py:93} INFO - Loaded support_tickets: 1000
[2026-03-08T14:21:08.879+0000] {subprocess.py:97} INFO - Command exited with return code 0
[2026-03-08T14:21:08.880+0000] {taskinstance.py:441} INFO - ::group::Post task execution logs
[2026-03-08T14:21:08.904+0000] {taskinstance.py:1206} INFO - Marking task as SUCCESS. dag_id=mongo_to_postgres_etl, task_id=load_support_tickets, run_id=manual__2026-03-08T14:20:55.586942+00:00, execution_date=20260308T142055, start_date=20260308T142107, end_date=20260308T142108
[2026-03-08T14:21:08.923+0000] {local_task_job_runner.py:243} INFO - Task exited with return code 0
[2026-03-08T14:21:08.938+0000] {taskinstance.py:3503} INFO - 0 downstream tasks scheduled from follow-on schedule check
[2026-03-08T14:21:08.939+0000] {local_task_job_runner.py:222} INFO - ::endgroup::
