[2026-03-08T14:20:57.914+0000] {local_task_job_runner.py:120} INFO - ::group::Pre task execution logs
[2026-03-08T14:20:57.934+0000] {taskinstance.py:2076} INFO - Dependencies all met for dep_context=non-requeueable deps ti=<TaskInstance: mongo_to_postgres_etl.create_postgres_schema manual__2026-03-08T14:20:55.586942+00:00 [queued]>
[2026-03-08T14:20:57.938+0000] {taskinstance.py:2076} INFO - Dependencies all met for dep_context=requeueable deps ti=<TaskInstance: mongo_to_postgres_etl.create_postgres_schema manual__2026-03-08T14:20:55.586942+00:00 [queued]>
[2026-03-08T14:20:57.938+0000] {taskinstance.py:2306} INFO - Starting attempt 1 of 1
[2026-03-08T14:20:57.944+0000] {taskinstance.py:2330} INFO - Executing <Task(BashOperator): create_postgres_schema> on 2026-03-08 14:20:55.586942+00:00
[2026-03-08T14:20:57.947+0000] {standard_task_runner.py:64} INFO - Started process 62 to run task
[2026-03-08T14:20:57.949+0000] {standard_task_runner.py:90} INFO - Running: ['***', 'tasks', 'run', 'mongo_to_postgres_etl', 'create_postgres_schema', 'manual__2026-03-08T14:20:55.586942+00:00', '--job-id', '5', '--raw', '--subdir', 'DAGS_FOLDER/mongo_to_postgres_dag.py', '--cfg-path', '/tmp/tmpclfsklt5']
[2026-03-08T14:20:57.950+0000] {standard_task_runner.py:91} INFO - Job 5: Subtask create_postgres_schema
[2026-03-08T14:20:57.985+0000] {task_command.py:426} INFO - Running <TaskInstance: mongo_to_postgres_etl.create_postgres_schema manual__2026-03-08T14:20:55.586942+00:00 [running]> on host b6c7c57dde04
[2026-03-08T14:20:58.033+0000] {taskinstance.py:2648} INFO - Exporting env vars: AIRFLOW_CTX_DAG_OWNER='***' AIRFLOW_CTX_DAG_ID='mongo_to_postgres_etl' AIRFLOW_CTX_TASK_ID='create_postgres_schema' AIRFLOW_CTX_EXECUTION_DATE='2026-03-08T14:20:55.586942+00:00' AIRFLOW_CTX_TRY_NUMBER='1' AIRFLOW_CTX_DAG_RUN_ID='manual__2026-03-08T14:20:55.586942+00:00'
[2026-03-08T14:20:58.034+0000] {taskinstance.py:430} INFO - ::endgroup::
[2026-03-08T14:20:58.043+0000] {subprocess.py:63} INFO - Tmp dir root location: /tmp
[2026-03-08T14:20:58.044+0000] {subprocess.py:75} INFO - Running command: ['/usr/bin/bash', '-c', 'python /opt/***/scripts/init_postgres.py']
[2026-03-08T14:20:58.049+0000] {subprocess.py:86} INFO - Output:
[2026-03-08T14:20:58.183+0000] {subprocess.py:93} INFO - PostgreSQL schema and tables created successfully.
[2026-03-08T14:20:58.188+0000] {subprocess.py:97} INFO - Command exited with return code 0
[2026-03-08T14:20:58.189+0000] {taskinstance.py:441} INFO - ::group::Post task execution logs
[2026-03-08T14:20:58.206+0000] {taskinstance.py:1206} INFO - Marking task as SUCCESS. dag_id=mongo_to_postgres_etl, task_id=create_postgres_schema, run_id=manual__2026-03-08T14:20:55.586942+00:00, execution_date=20260308T142055, start_date=20260308T142057, end_date=20260308T142058
[2026-03-08T14:20:58.215+0000] {local_task_job_runner.py:243} INFO - Task exited with return code 0
[2026-03-08T14:20:58.247+0000] {taskinstance.py:3503} INFO - 1 downstream tasks scheduled from follow-on schedule check
[2026-03-08T14:20:58.248+0000] {local_task_job_runner.py:222} INFO - ::endgroup::
