[2026-03-09T09:19:25.094+0000] {processor.py:161} INFO - Started process (PID=43) to work on /opt/airflow/dags/partition_event_logs_dag.py
[2026-03-09T09:19:25.098+0000] {processor.py:830} INFO - Processing file /opt/airflow/dags/partition_event_logs_dag.py for tasks to queue
[2026-03-09T09:19:25.100+0000] {logging_mixin.py:188} INFO - [2026-03-09T09:19:25.100+0000] {dagbag.py:545} INFO - Filling up the DagBag from /opt/airflow/dags/partition_event_logs_dag.py
[2026-03-09T09:19:25.120+0000] {processor.py:840} INFO - DAG(s) 'partition_event_logs' retrieved from /opt/airflow/dags/partition_event_logs_dag.py
[2026-03-09T09:19:25.260+0000] {logging_mixin.py:188} INFO - [2026-03-09T09:19:25.259+0000] {override.py:1858} INFO - Created Permission View: can edit on DAG:partition_event_logs
[2026-03-09T09:19:25.277+0000] {logging_mixin.py:188} INFO - [2026-03-09T09:19:25.276+0000] {override.py:1858} INFO - Created Permission View: can delete on DAG:partition_event_logs
[2026-03-09T09:19:25.284+0000] {logging_mixin.py:188} INFO - [2026-03-09T09:19:25.283+0000] {override.py:1858} INFO - Created Permission View: can read on DAG:partition_event_logs
[2026-03-09T09:19:25.284+0000] {logging_mixin.py:188} INFO - [2026-03-09T09:19:25.284+0000] {dag.py:3089} INFO - Sync 1 DAGs
[2026-03-09T09:19:25.294+0000] {logging_mixin.py:188} INFO - [2026-03-09T09:19:25.294+0000] {dag.py:3111} INFO - Creating ORM DAG for partition_event_logs
[2026-03-09T09:19:25.295+0000] {logging_mixin.py:188} INFO - [2026-03-09T09:19:25.295+0000] {dag.py:3947} INFO - Setting next_dagrun for partition_event_logs to None, run_after=None
[2026-03-09T09:19:25.310+0000] {processor.py:183} INFO - Processing /opt/airflow/dags/partition_event_logs_dag.py took 0.222 seconds
[2026-03-09T09:19:55.685+0000] {processor.py:161} INFO - Started process (PID=59) to work on /opt/airflow/dags/partition_event_logs_dag.py
[2026-03-09T09:19:55.686+0000] {processor.py:830} INFO - Processing file /opt/airflow/dags/partition_event_logs_dag.py for tasks to queue
[2026-03-09T09:19:55.690+0000] {logging_mixin.py:188} INFO - [2026-03-09T09:19:55.690+0000] {dagbag.py:545} INFO - Filling up the DagBag from /opt/airflow/dags/partition_event_logs_dag.py
[2026-03-09T09:19:55.709+0000] {processor.py:840} INFO - DAG(s) 'partition_event_logs' retrieved from /opt/airflow/dags/partition_event_logs_dag.py
[2026-03-09T09:19:55.752+0000] {logging_mixin.py:188} INFO - [2026-03-09T09:19:55.752+0000] {dag.py:3089} INFO - Sync 1 DAGs
[2026-03-09T09:19:55.763+0000] {logging_mixin.py:188} INFO - [2026-03-09T09:19:55.763+0000] {dag.py:3947} INFO - Setting next_dagrun for partition_event_logs to None, run_after=None
[2026-03-09T09:19:55.785+0000] {processor.py:183} INFO - Processing /opt/airflow/dags/partition_event_logs_dag.py took 0.108 seconds
[2026-03-09T09:20:26.140+0000] {processor.py:161} INFO - Started process (PID=63) to work on /opt/airflow/dags/partition_event_logs_dag.py
[2026-03-09T09:20:26.141+0000] {processor.py:830} INFO - Processing file /opt/airflow/dags/partition_event_logs_dag.py for tasks to queue
[2026-03-09T09:20:26.145+0000] {logging_mixin.py:188} INFO - [2026-03-09T09:20:26.145+0000] {dagbag.py:545} INFO - Filling up the DagBag from /opt/airflow/dags/partition_event_logs_dag.py
[2026-03-09T09:20:26.170+0000] {processor.py:840} INFO - DAG(s) 'partition_event_logs' retrieved from /opt/airflow/dags/partition_event_logs_dag.py
[2026-03-09T09:20:26.219+0000] {logging_mixin.py:188} INFO - [2026-03-09T09:20:26.219+0000] {dag.py:3089} INFO - Sync 1 DAGs
[2026-03-09T09:20:26.232+0000] {logging_mixin.py:188} INFO - [2026-03-09T09:20:26.232+0000] {dag.py:3947} INFO - Setting next_dagrun for partition_event_logs to None, run_after=None
[2026-03-09T09:20:26.249+0000] {processor.py:183} INFO - Processing /opt/airflow/dags/partition_event_logs_dag.py took 0.122 seconds
[2026-03-09T09:20:56.601+0000] {processor.py:161} INFO - Started process (PID=67) to work on /opt/airflow/dags/partition_event_logs_dag.py
[2026-03-09T09:20:56.601+0000] {processor.py:830} INFO - Processing file /opt/airflow/dags/partition_event_logs_dag.py for tasks to queue
[2026-03-09T09:20:56.606+0000] {logging_mixin.py:188} INFO - [2026-03-09T09:20:56.604+0000] {dagbag.py:545} INFO - Filling up the DagBag from /opt/airflow/dags/partition_event_logs_dag.py
[2026-03-09T09:20:56.623+0000] {processor.py:840} INFO - DAG(s) 'partition_event_logs' retrieved from /opt/airflow/dags/partition_event_logs_dag.py
[2026-03-09T09:20:56.666+0000] {logging_mixin.py:188} INFO - [2026-03-09T09:20:56.666+0000] {dag.py:3089} INFO - Sync 1 DAGs
[2026-03-09T09:20:56.684+0000] {logging_mixin.py:188} INFO - [2026-03-09T09:20:56.683+0000] {dag.py:3947} INFO - Setting next_dagrun for partition_event_logs to None, run_after=None
[2026-03-09T09:20:56.706+0000] {processor.py:183} INFO - Processing /opt/airflow/dags/partition_event_logs_dag.py took 0.115 seconds
[2026-03-09T09:21:27.092+0000] {processor.py:161} INFO - Started process (PID=71) to work on /opt/airflow/dags/partition_event_logs_dag.py
[2026-03-09T09:21:27.093+0000] {processor.py:830} INFO - Processing file /opt/airflow/dags/partition_event_logs_dag.py for tasks to queue
[2026-03-09T09:21:27.096+0000] {logging_mixin.py:188} INFO - [2026-03-09T09:21:27.095+0000] {dagbag.py:545} INFO - Filling up the DagBag from /opt/airflow/dags/partition_event_logs_dag.py
[2026-03-09T09:21:27.115+0000] {processor.py:840} INFO - DAG(s) 'partition_event_logs' retrieved from /opt/airflow/dags/partition_event_logs_dag.py
[2026-03-09T09:21:27.156+0000] {logging_mixin.py:188} INFO - [2026-03-09T09:21:27.156+0000] {dag.py:3089} INFO - Sync 1 DAGs
[2026-03-09T09:21:27.167+0000] {logging_mixin.py:188} INFO - [2026-03-09T09:21:27.167+0000] {dag.py:3947} INFO - Setting next_dagrun for partition_event_logs to None, run_after=None
[2026-03-09T09:21:27.182+0000] {processor.py:183} INFO - Processing /opt/airflow/dags/partition_event_logs_dag.py took 0.100 seconds
[2026-03-09T09:21:57.605+0000] {processor.py:161} INFO - Started process (PID=75) to work on /opt/airflow/dags/partition_event_logs_dag.py
[2026-03-09T09:21:57.610+0000] {processor.py:830} INFO - Processing file /opt/airflow/dags/partition_event_logs_dag.py for tasks to queue
[2026-03-09T09:21:57.614+0000] {logging_mixin.py:188} INFO - [2026-03-09T09:21:57.614+0000] {dagbag.py:545} INFO - Filling up the DagBag from /opt/airflow/dags/partition_event_logs_dag.py
[2026-03-09T09:21:57.644+0000] {processor.py:840} INFO - DAG(s) 'partition_event_logs' retrieved from /opt/airflow/dags/partition_event_logs_dag.py
[2026-03-09T09:21:57.711+0000] {logging_mixin.py:188} INFO - [2026-03-09T09:21:57.711+0000] {dag.py:3089} INFO - Sync 1 DAGs
[2026-03-09T09:21:57.733+0000] {logging_mixin.py:188} INFO - [2026-03-09T09:21:57.733+0000] {dag.py:3947} INFO - Setting next_dagrun for partition_event_logs to None, run_after=None
[2026-03-09T09:21:57.754+0000] {processor.py:183} INFO - Processing /opt/airflow/dags/partition_event_logs_dag.py took 0.179 seconds
[2026-03-09T09:22:28.108+0000] {processor.py:161} INFO - Started process (PID=79) to work on /opt/airflow/dags/partition_event_logs_dag.py
[2026-03-09T09:22:28.110+0000] {processor.py:830} INFO - Processing file /opt/airflow/dags/partition_event_logs_dag.py for tasks to queue
[2026-03-09T09:22:28.116+0000] {logging_mixin.py:188} INFO - [2026-03-09T09:22:28.116+0000] {dagbag.py:545} INFO - Filling up the DagBag from /opt/airflow/dags/partition_event_logs_dag.py
[2026-03-09T09:22:28.140+0000] {processor.py:840} INFO - DAG(s) 'partition_event_logs' retrieved from /opt/airflow/dags/partition_event_logs_dag.py
[2026-03-09T09:22:28.180+0000] {logging_mixin.py:188} INFO - [2026-03-09T09:22:28.180+0000] {dag.py:3089} INFO - Sync 1 DAGs
[2026-03-09T09:22:28.202+0000] {logging_mixin.py:188} INFO - [2026-03-09T09:22:28.202+0000] {dag.py:3947} INFO - Setting next_dagrun for partition_event_logs to None, run_after=None
[2026-03-09T09:22:28.224+0000] {processor.py:183} INFO - Processing /opt/airflow/dags/partition_event_logs_dag.py took 0.134 seconds
[2026-03-09T09:22:58.590+0000] {processor.py:161} INFO - Started process (PID=83) to work on /opt/airflow/dags/partition_event_logs_dag.py
[2026-03-09T09:22:58.591+0000] {processor.py:830} INFO - Processing file /opt/airflow/dags/partition_event_logs_dag.py for tasks to queue
[2026-03-09T09:22:58.593+0000] {logging_mixin.py:188} INFO - [2026-03-09T09:22:58.593+0000] {dagbag.py:545} INFO - Filling up the DagBag from /opt/airflow/dags/partition_event_logs_dag.py
[2026-03-09T09:22:58.612+0000] {processor.py:840} INFO - DAG(s) 'partition_event_logs' retrieved from /opt/airflow/dags/partition_event_logs_dag.py
[2026-03-09T09:22:58.641+0000] {logging_mixin.py:188} INFO - [2026-03-09T09:22:58.641+0000] {dag.py:3089} INFO - Sync 1 DAGs
[2026-03-09T09:22:58.652+0000] {logging_mixin.py:188} INFO - [2026-03-09T09:22:58.652+0000] {dag.py:3947} INFO - Setting next_dagrun for partition_event_logs to None, run_after=None
[2026-03-09T09:22:58.667+0000] {processor.py:183} INFO - Processing /opt/airflow/dags/partition_event_logs_dag.py took 0.088 seconds
[2026-03-09T09:23:29.020+0000] {processor.py:161} INFO - Started process (PID=87) to work on /opt/airflow/dags/partition_event_logs_dag.py
[2026-03-09T09:23:29.021+0000] {processor.py:830} INFO - Processing file /opt/airflow/dags/partition_event_logs_dag.py for tasks to queue
[2026-03-09T09:23:29.024+0000] {logging_mixin.py:188} INFO - [2026-03-09T09:23:29.024+0000] {dagbag.py:545} INFO - Filling up the DagBag from /opt/airflow/dags/partition_event_logs_dag.py
[2026-03-09T09:23:29.045+0000] {processor.py:840} INFO - DAG(s) 'partition_event_logs' retrieved from /opt/airflow/dags/partition_event_logs_dag.py
[2026-03-09T09:23:29.076+0000] {logging_mixin.py:188} INFO - [2026-03-09T09:23:29.076+0000] {dag.py:3089} INFO - Sync 1 DAGs
[2026-03-09T09:23:29.086+0000] {logging_mixin.py:188} INFO - [2026-03-09T09:23:29.086+0000] {dag.py:3947} INFO - Setting next_dagrun for partition_event_logs to None, run_after=None
[2026-03-09T09:23:29.102+0000] {processor.py:183} INFO - Processing /opt/airflow/dags/partition_event_logs_dag.py took 0.091 seconds
[2026-03-09T09:23:59.571+0000] {processor.py:161} INFO - Started process (PID=91) to work on /opt/airflow/dags/partition_event_logs_dag.py
[2026-03-09T09:23:59.576+0000] {processor.py:830} INFO - Processing file /opt/airflow/dags/partition_event_logs_dag.py for tasks to queue
[2026-03-09T09:23:59.583+0000] {logging_mixin.py:188} INFO - [2026-03-09T09:23:59.582+0000] {dagbag.py:545} INFO - Filling up the DagBag from /opt/airflow/dags/partition_event_logs_dag.py
[2026-03-09T09:23:59.619+0000] {processor.py:840} INFO - DAG(s) 'partition_event_logs' retrieved from /opt/airflow/dags/partition_event_logs_dag.py
[2026-03-09T09:23:59.714+0000] {logging_mixin.py:188} INFO - [2026-03-09T09:23:59.714+0000] {dag.py:3089} INFO - Sync 1 DAGs
[2026-03-09T09:23:59.735+0000] {logging_mixin.py:188} INFO - [2026-03-09T09:23:59.735+0000] {dag.py:3947} INFO - Setting next_dagrun for partition_event_logs to None, run_after=None
[2026-03-09T09:23:59.771+0000] {processor.py:183} INFO - Processing /opt/airflow/dags/partition_event_logs_dag.py took 0.233 seconds
[2026-03-09T09:24:30.170+0000] {processor.py:161} INFO - Started process (PID=95) to work on /opt/airflow/dags/partition_event_logs_dag.py
[2026-03-09T09:24:30.171+0000] {processor.py:830} INFO - Processing file /opt/airflow/dags/partition_event_logs_dag.py for tasks to queue
[2026-03-09T09:24:30.176+0000] {logging_mixin.py:188} INFO - [2026-03-09T09:24:30.176+0000] {dagbag.py:545} INFO - Filling up the DagBag from /opt/airflow/dags/partition_event_logs_dag.py
[2026-03-09T09:24:30.214+0000] {processor.py:840} INFO - DAG(s) 'partition_event_logs' retrieved from /opt/airflow/dags/partition_event_logs_dag.py
[2026-03-09T09:24:30.330+0000] {logging_mixin.py:188} INFO - [2026-03-09T09:24:30.330+0000] {dag.py:3089} INFO - Sync 1 DAGs
[2026-03-09T09:24:30.349+0000] {logging_mixin.py:188} INFO - [2026-03-09T09:24:30.349+0000] {dag.py:3947} INFO - Setting next_dagrun for partition_event_logs to None, run_after=None
[2026-03-09T09:24:30.367+0000] {processor.py:183} INFO - Processing /opt/airflow/dags/partition_event_logs_dag.py took 0.211 seconds
[2026-03-09T09:25:00.736+0000] {processor.py:161} INFO - Started process (PID=99) to work on /opt/airflow/dags/partition_event_logs_dag.py
[2026-03-09T09:25:00.743+0000] {processor.py:830} INFO - Processing file /opt/airflow/dags/partition_event_logs_dag.py for tasks to queue
[2026-03-09T09:25:00.750+0000] {logging_mixin.py:188} INFO - [2026-03-09T09:25:00.749+0000] {dagbag.py:545} INFO - Filling up the DagBag from /opt/airflow/dags/partition_event_logs_dag.py
[2026-03-09T09:25:00.779+0000] {processor.py:840} INFO - DAG(s) 'partition_event_logs' retrieved from /opt/airflow/dags/partition_event_logs_dag.py
[2026-03-09T09:25:00.832+0000] {logging_mixin.py:188} INFO - [2026-03-09T09:25:00.832+0000] {dag.py:3089} INFO - Sync 1 DAGs
[2026-03-09T09:25:00.850+0000] {logging_mixin.py:188} INFO - [2026-03-09T09:25:00.850+0000] {dag.py:3947} INFO - Setting next_dagrun for partition_event_logs to None, run_after=None
[2026-03-09T09:25:00.869+0000] {processor.py:183} INFO - Processing /opt/airflow/dags/partition_event_logs_dag.py took 0.156 seconds
[2026-03-09T09:25:31.240+0000] {processor.py:161} INFO - Started process (PID=103) to work on /opt/airflow/dags/partition_event_logs_dag.py
[2026-03-09T09:25:31.241+0000] {processor.py:830} INFO - Processing file /opt/airflow/dags/partition_event_logs_dag.py for tasks to queue
[2026-03-09T09:25:31.244+0000] {logging_mixin.py:188} INFO - [2026-03-09T09:25:31.244+0000] {dagbag.py:545} INFO - Filling up the DagBag from /opt/airflow/dags/partition_event_logs_dag.py
[2026-03-09T09:25:31.272+0000] {processor.py:840} INFO - DAG(s) 'partition_event_logs' retrieved from /opt/airflow/dags/partition_event_logs_dag.py
[2026-03-09T09:25:31.320+0000] {logging_mixin.py:188} INFO - [2026-03-09T09:25:31.320+0000] {dag.py:3089} INFO - Sync 1 DAGs
[2026-03-09T09:25:31.341+0000] {logging_mixin.py:188} INFO - [2026-03-09T09:25:31.340+0000] {dag.py:3947} INFO - Setting next_dagrun for partition_event_logs to None, run_after=None
[2026-03-09T09:25:31.368+0000] {processor.py:183} INFO - Processing /opt/airflow/dags/partition_event_logs_dag.py took 0.141 seconds
[2026-03-09T09:26:01.729+0000] {processor.py:161} INFO - Started process (PID=107) to work on /opt/airflow/dags/partition_event_logs_dag.py
[2026-03-09T09:26:01.730+0000] {processor.py:830} INFO - Processing file /opt/airflow/dags/partition_event_logs_dag.py for tasks to queue
[2026-03-09T09:26:01.735+0000] {logging_mixin.py:188} INFO - [2026-03-09T09:26:01.735+0000] {dagbag.py:545} INFO - Filling up the DagBag from /opt/airflow/dags/partition_event_logs_dag.py
[2026-03-09T09:26:01.755+0000] {processor.py:840} INFO - DAG(s) 'partition_event_logs' retrieved from /opt/airflow/dags/partition_event_logs_dag.py
[2026-03-09T09:26:01.795+0000] {logging_mixin.py:188} INFO - [2026-03-09T09:26:01.795+0000] {dag.py:3089} INFO - Sync 1 DAGs
[2026-03-09T09:26:01.815+0000] {logging_mixin.py:188} INFO - [2026-03-09T09:26:01.815+0000] {dag.py:3947} INFO - Setting next_dagrun for partition_event_logs to None, run_after=None
[2026-03-09T09:26:01.833+0000] {processor.py:183} INFO - Processing /opt/airflow/dags/partition_event_logs_dag.py took 0.117 seconds
[2026-03-09T09:26:32.199+0000] {processor.py:161} INFO - Started process (PID=111) to work on /opt/airflow/dags/partition_event_logs_dag.py
[2026-03-09T09:26:32.201+0000] {processor.py:830} INFO - Processing file /opt/airflow/dags/partition_event_logs_dag.py for tasks to queue
[2026-03-09T09:26:32.207+0000] {logging_mixin.py:188} INFO - [2026-03-09T09:26:32.206+0000] {dagbag.py:545} INFO - Filling up the DagBag from /opt/airflow/dags/partition_event_logs_dag.py
[2026-03-09T09:26:32.233+0000] {processor.py:840} INFO - DAG(s) 'partition_event_logs' retrieved from /opt/airflow/dags/partition_event_logs_dag.py
[2026-03-09T09:26:32.274+0000] {logging_mixin.py:188} INFO - [2026-03-09T09:26:32.274+0000] {dag.py:3089} INFO - Sync 1 DAGs
[2026-03-09T09:26:32.288+0000] {logging_mixin.py:188} INFO - [2026-03-09T09:26:32.288+0000] {dag.py:3947} INFO - Setting next_dagrun for partition_event_logs to None, run_after=None
[2026-03-09T09:26:32.304+0000] {processor.py:183} INFO - Processing /opt/airflow/dags/partition_event_logs_dag.py took 0.115 seconds
[2026-03-09T09:27:02.676+0000] {processor.py:161} INFO - Started process (PID=115) to work on /opt/airflow/dags/partition_event_logs_dag.py
[2026-03-09T09:27:02.678+0000] {processor.py:830} INFO - Processing file /opt/airflow/dags/partition_event_logs_dag.py for tasks to queue
[2026-03-09T09:27:02.681+0000] {logging_mixin.py:188} INFO - [2026-03-09T09:27:02.681+0000] {dagbag.py:545} INFO - Filling up the DagBag from /opt/airflow/dags/partition_event_logs_dag.py
[2026-03-09T09:27:02.700+0000] {processor.py:840} INFO - DAG(s) 'partition_event_logs' retrieved from /opt/airflow/dags/partition_event_logs_dag.py
[2026-03-09T09:27:02.740+0000] {logging_mixin.py:188} INFO - [2026-03-09T09:27:02.740+0000] {dag.py:3089} INFO - Sync 1 DAGs
[2026-03-09T09:27:02.755+0000] {logging_mixin.py:188} INFO - [2026-03-09T09:27:02.755+0000] {dag.py:3947} INFO - Setting next_dagrun for partition_event_logs to None, run_after=None
[2026-03-09T09:27:02.772+0000] {processor.py:183} INFO - Processing /opt/airflow/dags/partition_event_logs_dag.py took 0.111 seconds
[2026-03-09T09:27:33.138+0000] {processor.py:161} INFO - Started process (PID=119) to work on /opt/airflow/dags/partition_event_logs_dag.py
[2026-03-09T09:27:33.140+0000] {processor.py:830} INFO - Processing file /opt/airflow/dags/partition_event_logs_dag.py for tasks to queue
[2026-03-09T09:27:33.143+0000] {logging_mixin.py:188} INFO - [2026-03-09T09:27:33.142+0000] {dagbag.py:545} INFO - Filling up the DagBag from /opt/airflow/dags/partition_event_logs_dag.py
[2026-03-09T09:27:33.161+0000] {processor.py:840} INFO - DAG(s) 'partition_event_logs' retrieved from /opt/airflow/dags/partition_event_logs_dag.py
[2026-03-09T09:27:33.193+0000] {logging_mixin.py:188} INFO - [2026-03-09T09:27:33.193+0000] {dag.py:3089} INFO - Sync 1 DAGs
[2026-03-09T09:27:33.205+0000] {logging_mixin.py:188} INFO - [2026-03-09T09:27:33.205+0000] {dag.py:3947} INFO - Setting next_dagrun for partition_event_logs to None, run_after=None
[2026-03-09T09:27:33.223+0000] {processor.py:183} INFO - Processing /opt/airflow/dags/partition_event_logs_dag.py took 0.093 seconds
[2026-03-09T09:28:03.558+0000] {processor.py:161} INFO - Started process (PID=123) to work on /opt/airflow/dags/partition_event_logs_dag.py
[2026-03-09T09:28:03.559+0000] {processor.py:830} INFO - Processing file /opt/airflow/dags/partition_event_logs_dag.py for tasks to queue
[2026-03-09T09:28:03.565+0000] {logging_mixin.py:188} INFO - [2026-03-09T09:28:03.564+0000] {dagbag.py:545} INFO - Filling up the DagBag from /opt/airflow/dags/partition_event_logs_dag.py
[2026-03-09T09:28:03.590+0000] {processor.py:840} INFO - DAG(s) 'partition_event_logs' retrieved from /opt/airflow/dags/partition_event_logs_dag.py
[2026-03-09T09:28:03.658+0000] {logging_mixin.py:188} INFO - [2026-03-09T09:28:03.658+0000] {dag.py:3089} INFO - Sync 1 DAGs
[2026-03-09T09:28:03.674+0000] {logging_mixin.py:188} INFO - [2026-03-09T09:28:03.674+0000] {dag.py:3947} INFO - Setting next_dagrun for partition_event_logs to None, run_after=None
[2026-03-09T09:28:03.694+0000] {processor.py:183} INFO - Processing /opt/airflow/dags/partition_event_logs_dag.py took 0.159 seconds
[2026-03-09T09:28:34.136+0000] {processor.py:161} INFO - Started process (PID=127) to work on /opt/airflow/dags/partition_event_logs_dag.py
[2026-03-09T09:28:34.137+0000] {processor.py:830} INFO - Processing file /opt/airflow/dags/partition_event_logs_dag.py for tasks to queue
[2026-03-09T09:28:34.140+0000] {logging_mixin.py:188} INFO - [2026-03-09T09:28:34.140+0000] {dagbag.py:545} INFO - Filling up the DagBag from /opt/airflow/dags/partition_event_logs_dag.py
[2026-03-09T09:28:34.163+0000] {processor.py:840} INFO - DAG(s) 'partition_event_logs' retrieved from /opt/airflow/dags/partition_event_logs_dag.py
[2026-03-09T09:28:34.224+0000] {logging_mixin.py:188} INFO - [2026-03-09T09:28:34.224+0000] {dag.py:3089} INFO - Sync 1 DAGs
[2026-03-09T09:28:34.244+0000] {logging_mixin.py:188} INFO - [2026-03-09T09:28:34.244+0000] {dag.py:3947} INFO - Setting next_dagrun for partition_event_logs to None, run_after=None
[2026-03-09T09:28:34.264+0000] {processor.py:183} INFO - Processing /opt/airflow/dags/partition_event_logs_dag.py took 0.137 seconds
[2026-03-09T09:29:04.615+0000] {processor.py:161} INFO - Started process (PID=131) to work on /opt/airflow/dags/partition_event_logs_dag.py
[2026-03-09T09:29:04.617+0000] {processor.py:830} INFO - Processing file /opt/airflow/dags/partition_event_logs_dag.py for tasks to queue
[2026-03-09T09:29:04.621+0000] {logging_mixin.py:188} INFO - [2026-03-09T09:29:04.621+0000] {dagbag.py:545} INFO - Filling up the DagBag from /opt/airflow/dags/partition_event_logs_dag.py
[2026-03-09T09:29:04.641+0000] {processor.py:840} INFO - DAG(s) 'partition_event_logs' retrieved from /opt/airflow/dags/partition_event_logs_dag.py
[2026-03-09T09:29:04.688+0000] {logging_mixin.py:188} INFO - [2026-03-09T09:29:04.688+0000] {dag.py:3089} INFO - Sync 1 DAGs
[2026-03-09T09:29:04.701+0000] {logging_mixin.py:188} INFO - [2026-03-09T09:29:04.701+0000] {dag.py:3947} INFO - Setting next_dagrun for partition_event_logs to None, run_after=None
[2026-03-09T09:29:04.717+0000] {processor.py:183} INFO - Processing /opt/airflow/dags/partition_event_logs_dag.py took 0.114 seconds
[2026-03-09T09:29:35.143+0000] {processor.py:161} INFO - Started process (PID=135) to work on /opt/airflow/dags/partition_event_logs_dag.py
[2026-03-09T09:29:35.144+0000] {processor.py:830} INFO - Processing file /opt/airflow/dags/partition_event_logs_dag.py for tasks to queue
[2026-03-09T09:29:35.148+0000] {logging_mixin.py:188} INFO - [2026-03-09T09:29:35.147+0000] {dagbag.py:545} INFO - Filling up the DagBag from /opt/airflow/dags/partition_event_logs_dag.py
[2026-03-09T09:29:35.168+0000] {processor.py:840} INFO - DAG(s) 'partition_event_logs' retrieved from /opt/airflow/dags/partition_event_logs_dag.py
[2026-03-09T09:29:35.215+0000] {logging_mixin.py:188} INFO - [2026-03-09T09:29:35.215+0000] {dag.py:3089} INFO - Sync 1 DAGs
[2026-03-09T09:29:35.225+0000] {logging_mixin.py:188} INFO - [2026-03-09T09:29:35.225+0000] {dag.py:3947} INFO - Setting next_dagrun for partition_event_logs to None, run_after=None
[2026-03-09T09:29:35.237+0000] {processor.py:183} INFO - Processing /opt/airflow/dags/partition_event_logs_dag.py took 0.103 seconds
[2026-03-09T09:30:05.630+0000] {processor.py:161} INFO - Started process (PID=139) to work on /opt/airflow/dags/partition_event_logs_dag.py
[2026-03-09T09:30:05.631+0000] {processor.py:830} INFO - Processing file /opt/airflow/dags/partition_event_logs_dag.py for tasks to queue
[2026-03-09T09:30:05.636+0000] {logging_mixin.py:188} INFO - [2026-03-09T09:30:05.635+0000] {dagbag.py:545} INFO - Filling up the DagBag from /opt/airflow/dags/partition_event_logs_dag.py
[2026-03-09T09:30:05.658+0000] {processor.py:840} INFO - DAG(s) 'partition_event_logs' retrieved from /opt/airflow/dags/partition_event_logs_dag.py
[2026-03-09T09:30:05.694+0000] {logging_mixin.py:188} INFO - [2026-03-09T09:30:05.694+0000] {dag.py:3089} INFO - Sync 1 DAGs
[2026-03-09T09:30:05.707+0000] {logging_mixin.py:188} INFO - [2026-03-09T09:30:05.707+0000] {dag.py:3947} INFO - Setting next_dagrun for partition_event_logs to None, run_after=None
[2026-03-09T09:30:05.725+0000] {processor.py:183} INFO - Processing /opt/airflow/dags/partition_event_logs_dag.py took 0.116 seconds
[2026-03-09T09:30:36.123+0000] {processor.py:161} INFO - Started process (PID=143) to work on /opt/airflow/dags/partition_event_logs_dag.py
[2026-03-09T09:30:36.126+0000] {processor.py:830} INFO - Processing file /opt/airflow/dags/partition_event_logs_dag.py for tasks to queue
[2026-03-09T09:30:36.130+0000] {logging_mixin.py:188} INFO - [2026-03-09T09:30:36.129+0000] {dagbag.py:545} INFO - Filling up the DagBag from /opt/airflow/dags/partition_event_logs_dag.py
[2026-03-09T09:30:36.149+0000] {processor.py:840} INFO - DAG(s) 'partition_event_logs' retrieved from /opt/airflow/dags/partition_event_logs_dag.py
[2026-03-09T09:30:36.186+0000] {logging_mixin.py:188} INFO - [2026-03-09T09:30:36.186+0000] {dag.py:3089} INFO - Sync 1 DAGs
[2026-03-09T09:30:36.197+0000] {logging_mixin.py:188} INFO - [2026-03-09T09:30:36.197+0000] {dag.py:3947} INFO - Setting next_dagrun for partition_event_logs to None, run_after=None
[2026-03-09T09:30:36.213+0000] {processor.py:183} INFO - Processing /opt/airflow/dags/partition_event_logs_dag.py took 0.102 seconds
[2026-03-09T09:31:06.613+0000] {processor.py:161} INFO - Started process (PID=147) to work on /opt/airflow/dags/partition_event_logs_dag.py
[2026-03-09T09:31:06.615+0000] {processor.py:830} INFO - Processing file /opt/airflow/dags/partition_event_logs_dag.py for tasks to queue
[2026-03-09T09:31:06.621+0000] {logging_mixin.py:188} INFO - [2026-03-09T09:31:06.620+0000] {dagbag.py:545} INFO - Filling up the DagBag from /opt/airflow/dags/partition_event_logs_dag.py
[2026-03-09T09:31:06.638+0000] {processor.py:840} INFO - DAG(s) 'partition_event_logs' retrieved from /opt/airflow/dags/partition_event_logs_dag.py
[2026-03-09T09:31:06.672+0000] {logging_mixin.py:188} INFO - [2026-03-09T09:31:06.672+0000] {dag.py:3089} INFO - Sync 1 DAGs
[2026-03-09T09:31:06.686+0000] {logging_mixin.py:188} INFO - [2026-03-09T09:31:06.686+0000] {dag.py:3947} INFO - Setting next_dagrun for partition_event_logs to None, run_after=None
[2026-03-09T09:31:06.707+0000] {processor.py:183} INFO - Processing /opt/airflow/dags/partition_event_logs_dag.py took 0.104 seconds
[2026-03-09T09:31:37.134+0000] {processor.py:161} INFO - Started process (PID=151) to work on /opt/airflow/dags/partition_event_logs_dag.py
[2026-03-09T09:31:37.136+0000] {processor.py:830} INFO - Processing file /opt/airflow/dags/partition_event_logs_dag.py for tasks to queue
[2026-03-09T09:31:37.140+0000] {logging_mixin.py:188} INFO - [2026-03-09T09:31:37.139+0000] {dagbag.py:545} INFO - Filling up the DagBag from /opt/airflow/dags/partition_event_logs_dag.py
[2026-03-09T09:31:37.160+0000] {processor.py:840} INFO - DAG(s) 'partition_event_logs' retrieved from /opt/airflow/dags/partition_event_logs_dag.py
[2026-03-09T09:31:37.203+0000] {logging_mixin.py:188} INFO - [2026-03-09T09:31:37.202+0000] {dag.py:3089} INFO - Sync 1 DAGs
[2026-03-09T09:31:37.227+0000] {logging_mixin.py:188} INFO - [2026-03-09T09:31:37.227+0000] {dag.py:3947} INFO - Setting next_dagrun for partition_event_logs to None, run_after=None
[2026-03-09T09:31:37.245+0000] {processor.py:183} INFO - Processing /opt/airflow/dags/partition_event_logs_dag.py took 0.136 seconds
[2026-03-09T09:32:07.569+0000] {processor.py:161} INFO - Started process (PID=155) to work on /opt/airflow/dags/partition_event_logs_dag.py
[2026-03-09T09:32:07.571+0000] {processor.py:830} INFO - Processing file /opt/airflow/dags/partition_event_logs_dag.py for tasks to queue
[2026-03-09T09:32:07.574+0000] {logging_mixin.py:188} INFO - [2026-03-09T09:32:07.573+0000] {dagbag.py:545} INFO - Filling up the DagBag from /opt/airflow/dags/partition_event_logs_dag.py
[2026-03-09T09:32:07.595+0000] {processor.py:840} INFO - DAG(s) 'partition_event_logs' retrieved from /opt/airflow/dags/partition_event_logs_dag.py
[2026-03-09T09:32:07.632+0000] {logging_mixin.py:188} INFO - [2026-03-09T09:32:07.632+0000] {dag.py:3089} INFO - Sync 1 DAGs
[2026-03-09T09:32:07.644+0000] {logging_mixin.py:188} INFO - [2026-03-09T09:32:07.644+0000] {dag.py:3947} INFO - Setting next_dagrun for partition_event_logs to None, run_after=None
[2026-03-09T09:32:07.666+0000] {processor.py:183} INFO - Processing /opt/airflow/dags/partition_event_logs_dag.py took 0.107 seconds
[2026-03-09T09:32:38.057+0000] {processor.py:161} INFO - Started process (PID=159) to work on /opt/airflow/dags/partition_event_logs_dag.py
[2026-03-09T09:32:38.060+0000] {processor.py:830} INFO - Processing file /opt/airflow/dags/partition_event_logs_dag.py for tasks to queue
[2026-03-09T09:32:38.062+0000] {logging_mixin.py:188} INFO - [2026-03-09T09:32:38.061+0000] {dagbag.py:545} INFO - Filling up the DagBag from /opt/airflow/dags/partition_event_logs_dag.py
[2026-03-09T09:32:38.081+0000] {processor.py:840} INFO - DAG(s) 'partition_event_logs' retrieved from /opt/airflow/dags/partition_event_logs_dag.py
[2026-03-09T09:32:38.123+0000] {logging_mixin.py:188} INFO - [2026-03-09T09:32:38.123+0000] {dag.py:3089} INFO - Sync 1 DAGs
[2026-03-09T09:32:38.137+0000] {logging_mixin.py:188} INFO - [2026-03-09T09:32:38.137+0000] {dag.py:3947} INFO - Setting next_dagrun for partition_event_logs to None, run_after=None
[2026-03-09T09:32:38.154+0000] {processor.py:183} INFO - Processing /opt/airflow/dags/partition_event_logs_dag.py took 0.108 seconds
[2026-03-09T09:33:08.569+0000] {processor.py:161} INFO - Started process (PID=163) to work on /opt/airflow/dags/partition_event_logs_dag.py
[2026-03-09T09:33:08.570+0000] {processor.py:830} INFO - Processing file /opt/airflow/dags/partition_event_logs_dag.py for tasks to queue
[2026-03-09T09:33:08.573+0000] {logging_mixin.py:188} INFO - [2026-03-09T09:33:08.573+0000] {dagbag.py:545} INFO - Filling up the DagBag from /opt/airflow/dags/partition_event_logs_dag.py
[2026-03-09T09:33:08.592+0000] {processor.py:840} INFO - DAG(s) 'partition_event_logs' retrieved from /opt/airflow/dags/partition_event_logs_dag.py
[2026-03-09T09:33:08.625+0000] {logging_mixin.py:188} INFO - [2026-03-09T09:33:08.625+0000] {dag.py:3089} INFO - Sync 1 DAGs
[2026-03-09T09:33:08.636+0000] {logging_mixin.py:188} INFO - [2026-03-09T09:33:08.636+0000] {dag.py:3947} INFO - Setting next_dagrun for partition_event_logs to None, run_after=None
[2026-03-09T09:33:08.651+0000] {processor.py:183} INFO - Processing /opt/airflow/dags/partition_event_logs_dag.py took 0.090 seconds
[2026-03-09T09:33:39.028+0000] {processor.py:161} INFO - Started process (PID=167) to work on /opt/airflow/dags/partition_event_logs_dag.py
[2026-03-09T09:33:39.029+0000] {processor.py:830} INFO - Processing file /opt/airflow/dags/partition_event_logs_dag.py for tasks to queue
[2026-03-09T09:33:39.032+0000] {logging_mixin.py:188} INFO - [2026-03-09T09:33:39.032+0000] {dagbag.py:545} INFO - Filling up the DagBag from /opt/airflow/dags/partition_event_logs_dag.py
[2026-03-09T09:33:39.052+0000] {processor.py:840} INFO - DAG(s) 'partition_event_logs' retrieved from /opt/airflow/dags/partition_event_logs_dag.py
[2026-03-09T09:33:39.092+0000] {logging_mixin.py:188} INFO - [2026-03-09T09:33:39.092+0000] {dag.py:3089} INFO - Sync 1 DAGs
[2026-03-09T09:33:39.105+0000] {logging_mixin.py:188} INFO - [2026-03-09T09:33:39.104+0000] {dag.py:3947} INFO - Setting next_dagrun for partition_event_logs to None, run_after=None
[2026-03-09T09:33:39.121+0000] {processor.py:183} INFO - Processing /opt/airflow/dags/partition_event_logs_dag.py took 0.109 seconds
[2026-03-09T09:34:09.517+0000] {processor.py:161} INFO - Started process (PID=171) to work on /opt/airflow/dags/partition_event_logs_dag.py
[2026-03-09T09:34:09.518+0000] {processor.py:830} INFO - Processing file /opt/airflow/dags/partition_event_logs_dag.py for tasks to queue
[2026-03-09T09:34:09.524+0000] {logging_mixin.py:188} INFO - [2026-03-09T09:34:09.523+0000] {dagbag.py:545} INFO - Filling up the DagBag from /opt/airflow/dags/partition_event_logs_dag.py
[2026-03-09T09:34:09.545+0000] {processor.py:840} INFO - DAG(s) 'partition_event_logs' retrieved from /opt/airflow/dags/partition_event_logs_dag.py
[2026-03-09T09:34:09.588+0000] {logging_mixin.py:188} INFO - [2026-03-09T09:34:09.588+0000] {dag.py:3089} INFO - Sync 1 DAGs
[2026-03-09T09:34:09.601+0000] {logging_mixin.py:188} INFO - [2026-03-09T09:34:09.601+0000] {dag.py:3947} INFO - Setting next_dagrun for partition_event_logs to None, run_after=None
[2026-03-09T09:34:09.618+0000] {processor.py:183} INFO - Processing /opt/airflow/dags/partition_event_logs_dag.py took 0.115 seconds
[2026-03-09T09:34:40.054+0000] {processor.py:161} INFO - Started process (PID=175) to work on /opt/airflow/dags/partition_event_logs_dag.py
[2026-03-09T09:34:40.055+0000] {processor.py:830} INFO - Processing file /opt/airflow/dags/partition_event_logs_dag.py for tasks to queue
[2026-03-09T09:34:40.060+0000] {logging_mixin.py:188} INFO - [2026-03-09T09:34:40.060+0000] {dagbag.py:545} INFO - Filling up the DagBag from /opt/airflow/dags/partition_event_logs_dag.py
[2026-03-09T09:34:40.078+0000] {processor.py:840} INFO - DAG(s) 'partition_event_logs' retrieved from /opt/airflow/dags/partition_event_logs_dag.py
[2026-03-09T09:34:40.115+0000] {logging_mixin.py:188} INFO - [2026-03-09T09:34:40.115+0000] {dag.py:3089} INFO - Sync 1 DAGs
[2026-03-09T09:34:40.128+0000] {logging_mixin.py:188} INFO - [2026-03-09T09:34:40.127+0000] {dag.py:3947} INFO - Setting next_dagrun for partition_event_logs to None, run_after=None
[2026-03-09T09:34:40.142+0000] {processor.py:183} INFO - Processing /opt/airflow/dags/partition_event_logs_dag.py took 0.100 seconds
[2026-03-09T09:35:10.698+0000] {processor.py:161} INFO - Started process (PID=179) to work on /opt/airflow/dags/partition_event_logs_dag.py
[2026-03-09T09:35:10.699+0000] {processor.py:830} INFO - Processing file /opt/airflow/dags/partition_event_logs_dag.py for tasks to queue
[2026-03-09T09:35:10.702+0000] {logging_mixin.py:188} INFO - [2026-03-09T09:35:10.702+0000] {dagbag.py:545} INFO - Filling up the DagBag from /opt/airflow/dags/partition_event_logs_dag.py
[2026-03-09T09:35:10.719+0000] {processor.py:840} INFO - DAG(s) 'partition_event_logs' retrieved from /opt/airflow/dags/partition_event_logs_dag.py
[2026-03-09T09:35:10.753+0000] {logging_mixin.py:188} INFO - [2026-03-09T09:35:10.753+0000] {dag.py:3089} INFO - Sync 1 DAGs
[2026-03-09T09:35:10.765+0000] {logging_mixin.py:188} INFO - [2026-03-09T09:35:10.765+0000] {dag.py:3947} INFO - Setting next_dagrun for partition_event_logs to None, run_after=None
[2026-03-09T09:35:10.780+0000] {processor.py:183} INFO - Processing /opt/airflow/dags/partition_event_logs_dag.py took 0.096 seconds
[2026-03-09T09:50:56.516+0000] {processor.py:161} INFO - Started process (PID=183) to work on /opt/airflow/dags/partition_event_logs_dag.py
[2026-03-09T09:50:56.517+0000] {processor.py:830} INFO - Processing file /opt/airflow/dags/partition_event_logs_dag.py for tasks to queue
[2026-03-09T09:50:56.519+0000] {logging_mixin.py:188} INFO - [2026-03-09T09:50:56.519+0000] {dagbag.py:545} INFO - Filling up the DagBag from /opt/airflow/dags/partition_event_logs_dag.py
[2026-03-09T09:50:56.529+0000] {processor.py:840} INFO - DAG(s) 'partition_event_logs' retrieved from /opt/airflow/dags/partition_event_logs_dag.py
[2026-03-09T09:50:56.551+0000] {logging_mixin.py:188} INFO - [2026-03-09T09:50:56.551+0000] {dag.py:3089} INFO - Sync 1 DAGs
[2026-03-09T09:50:56.560+0000] {logging_mixin.py:188} INFO - [2026-03-09T09:50:56.559+0000] {dag.py:3947} INFO - Setting next_dagrun for partition_event_logs to None, run_after=None
[2026-03-09T09:50:56.573+0000] {processor.py:183} INFO - Processing /opt/airflow/dags/partition_event_logs_dag.py took 0.063 seconds
[2026-03-09T09:51:26.965+0000] {processor.py:161} INFO - Started process (PID=187) to work on /opt/airflow/dags/partition_event_logs_dag.py
[2026-03-09T09:51:26.967+0000] {processor.py:830} INFO - Processing file /opt/airflow/dags/partition_event_logs_dag.py for tasks to queue
[2026-03-09T09:51:26.970+0000] {logging_mixin.py:188} INFO - [2026-03-09T09:51:26.970+0000] {dagbag.py:545} INFO - Filling up the DagBag from /opt/airflow/dags/partition_event_logs_dag.py
[2026-03-09T09:51:26.988+0000] {processor.py:840} INFO - DAG(s) 'partition_event_logs' retrieved from /opt/airflow/dags/partition_event_logs_dag.py
[2026-03-09T09:51:27.029+0000] {logging_mixin.py:188} INFO - [2026-03-09T09:51:27.029+0000] {dag.py:3089} INFO - Sync 1 DAGs
[2026-03-09T09:51:27.043+0000] {logging_mixin.py:188} INFO - [2026-03-09T09:51:27.043+0000] {dag.py:3947} INFO - Setting next_dagrun for partition_event_logs to None, run_after=None
[2026-03-09T09:51:27.063+0000] {processor.py:183} INFO - Processing /opt/airflow/dags/partition_event_logs_dag.py took 0.108 seconds
[2026-03-09T09:51:57.505+0000] {processor.py:161} INFO - Started process (PID=191) to work on /opt/airflow/dags/partition_event_logs_dag.py
[2026-03-09T09:51:57.507+0000] {processor.py:830} INFO - Processing file /opt/airflow/dags/partition_event_logs_dag.py for tasks to queue
[2026-03-09T09:51:57.510+0000] {logging_mixin.py:188} INFO - [2026-03-09T09:51:57.510+0000] {dagbag.py:545} INFO - Filling up the DagBag from /opt/airflow/dags/partition_event_logs_dag.py
[2026-03-09T09:51:57.525+0000] {processor.py:840} INFO - DAG(s) 'partition_event_logs' retrieved from /opt/airflow/dags/partition_event_logs_dag.py
[2026-03-09T09:51:57.554+0000] {logging_mixin.py:188} INFO - [2026-03-09T09:51:57.554+0000] {dag.py:3089} INFO - Sync 1 DAGs
[2026-03-09T09:51:57.567+0000] {logging_mixin.py:188} INFO - [2026-03-09T09:51:57.567+0000] {dag.py:3947} INFO - Setting next_dagrun for partition_event_logs to None, run_after=None
[2026-03-09T09:51:57.583+0000] {processor.py:183} INFO - Processing /opt/airflow/dags/partition_event_logs_dag.py took 0.094 seconds
[2026-03-09T09:55:52.944+0000] {processor.py:161} INFO - Started process (PID=195) to work on /opt/airflow/dags/partition_event_logs_dag.py
[2026-03-09T09:55:52.946+0000] {processor.py:830} INFO - Processing file /opt/airflow/dags/partition_event_logs_dag.py for tasks to queue
[2026-03-09T09:55:52.948+0000] {logging_mixin.py:188} INFO - [2026-03-09T09:55:52.948+0000] {dagbag.py:545} INFO - Filling up the DagBag from /opt/airflow/dags/partition_event_logs_dag.py
[2026-03-09T09:55:52.970+0000] {processor.py:840} INFO - DAG(s) 'partition_event_logs' retrieved from /opt/airflow/dags/partition_event_logs_dag.py
[2026-03-09T09:55:53.011+0000] {logging_mixin.py:188} INFO - [2026-03-09T09:55:53.011+0000] {dag.py:3089} INFO - Sync 1 DAGs
[2026-03-09T09:55:53.026+0000] {logging_mixin.py:188} INFO - [2026-03-09T09:55:53.026+0000] {dag.py:3947} INFO - Setting next_dagrun for partition_event_logs to None, run_after=None
[2026-03-09T09:55:53.041+0000] {processor.py:183} INFO - Processing /opt/airflow/dags/partition_event_logs_dag.py took 0.106 seconds
[2026-03-09T10:12:10.267+0000] {processor.py:161} INFO - Started process (PID=199) to work on /opt/airflow/dags/partition_event_logs_dag.py
[2026-03-09T10:12:10.268+0000] {processor.py:830} INFO - Processing file /opt/airflow/dags/partition_event_logs_dag.py for tasks to queue
[2026-03-09T10:12:10.272+0000] {logging_mixin.py:188} INFO - [2026-03-09T10:12:10.271+0000] {dagbag.py:545} INFO - Filling up the DagBag from /opt/airflow/dags/partition_event_logs_dag.py
[2026-03-09T10:12:10.291+0000] {processor.py:840} INFO - DAG(s) 'partition_event_logs' retrieved from /opt/airflow/dags/partition_event_logs_dag.py
[2026-03-09T10:12:10.330+0000] {logging_mixin.py:188} INFO - [2026-03-09T10:12:10.330+0000] {dag.py:3089} INFO - Sync 1 DAGs
[2026-03-09T10:12:10.343+0000] {logging_mixin.py:188} INFO - [2026-03-09T10:12:10.342+0000] {dag.py:3947} INFO - Setting next_dagrun for partition_event_logs to None, run_after=None
[2026-03-09T10:12:10.361+0000] {processor.py:183} INFO - Processing /opt/airflow/dags/partition_event_logs_dag.py took 0.113 seconds
[2026-03-09T10:12:40.738+0000] {processor.py:161} INFO - Started process (PID=203) to work on /opt/airflow/dags/partition_event_logs_dag.py
[2026-03-09T10:12:40.740+0000] {processor.py:830} INFO - Processing file /opt/airflow/dags/partition_event_logs_dag.py for tasks to queue
[2026-03-09T10:12:40.743+0000] {logging_mixin.py:188} INFO - [2026-03-09T10:12:40.742+0000] {dagbag.py:545} INFO - Filling up the DagBag from /opt/airflow/dags/partition_event_logs_dag.py
[2026-03-09T10:12:40.772+0000] {processor.py:840} INFO - DAG(s) 'partition_event_logs' retrieved from /opt/airflow/dags/partition_event_logs_dag.py
[2026-03-09T10:12:40.817+0000] {logging_mixin.py:188} INFO - [2026-03-09T10:12:40.817+0000] {dag.py:3089} INFO - Sync 1 DAGs
[2026-03-09T10:12:40.830+0000] {logging_mixin.py:188} INFO - [2026-03-09T10:12:40.830+0000] {dag.py:3947} INFO - Setting next_dagrun for partition_event_logs to None, run_after=None
[2026-03-09T10:12:40.848+0000] {processor.py:183} INFO - Processing /opt/airflow/dags/partition_event_logs_dag.py took 0.119 seconds
[2026-03-09T10:13:11.414+0000] {processor.py:161} INFO - Started process (PID=207) to work on /opt/airflow/dags/partition_event_logs_dag.py
[2026-03-09T10:13:11.417+0000] {processor.py:830} INFO - Processing file /opt/airflow/dags/partition_event_logs_dag.py for tasks to queue
[2026-03-09T10:13:11.423+0000] {logging_mixin.py:188} INFO - [2026-03-09T10:13:11.422+0000] {dagbag.py:545} INFO - Filling up the DagBag from /opt/airflow/dags/partition_event_logs_dag.py
[2026-03-09T10:13:11.461+0000] {processor.py:840} INFO - DAG(s) 'partition_event_logs' retrieved from /opt/airflow/dags/partition_event_logs_dag.py
[2026-03-09T10:13:11.530+0000] {logging_mixin.py:188} INFO - [2026-03-09T10:13:11.530+0000] {dag.py:3089} INFO - Sync 1 DAGs
[2026-03-09T10:13:11.555+0000] {logging_mixin.py:188} INFO - [2026-03-09T10:13:11.555+0000] {dag.py:3947} INFO - Setting next_dagrun for partition_event_logs to None, run_after=None
[2026-03-09T10:13:11.584+0000] {processor.py:183} INFO - Processing /opt/airflow/dags/partition_event_logs_dag.py took 0.198 seconds
[2026-03-09T10:13:42.017+0000] {processor.py:161} INFO - Started process (PID=211) to work on /opt/airflow/dags/partition_event_logs_dag.py
[2026-03-09T10:13:42.019+0000] {processor.py:830} INFO - Processing file /opt/airflow/dags/partition_event_logs_dag.py for tasks to queue
[2026-03-09T10:13:42.021+0000] {logging_mixin.py:188} INFO - [2026-03-09T10:13:42.021+0000] {dagbag.py:545} INFO - Filling up the DagBag from /opt/airflow/dags/partition_event_logs_dag.py
[2026-03-09T10:13:42.041+0000] {processor.py:840} INFO - DAG(s) 'partition_event_logs' retrieved from /opt/airflow/dags/partition_event_logs_dag.py
[2026-03-09T10:13:42.071+0000] {logging_mixin.py:188} INFO - [2026-03-09T10:13:42.071+0000] {dag.py:3089} INFO - Sync 1 DAGs
[2026-03-09T10:13:42.084+0000] {logging_mixin.py:188} INFO - [2026-03-09T10:13:42.083+0000] {dag.py:3947} INFO - Setting next_dagrun for partition_event_logs to None, run_after=None
[2026-03-09T10:13:42.098+0000] {processor.py:183} INFO - Processing /opt/airflow/dags/partition_event_logs_dag.py took 0.091 seconds
[2026-03-09T10:14:12.508+0000] {processor.py:161} INFO - Started process (PID=215) to work on /opt/airflow/dags/partition_event_logs_dag.py
[2026-03-09T10:14:12.510+0000] {processor.py:830} INFO - Processing file /opt/airflow/dags/partition_event_logs_dag.py for tasks to queue
[2026-03-09T10:14:12.514+0000] {logging_mixin.py:188} INFO - [2026-03-09T10:14:12.513+0000] {dagbag.py:545} INFO - Filling up the DagBag from /opt/airflow/dags/partition_event_logs_dag.py
[2026-03-09T10:14:12.533+0000] {processor.py:840} INFO - DAG(s) 'partition_event_logs' retrieved from /opt/airflow/dags/partition_event_logs_dag.py
[2026-03-09T10:14:12.579+0000] {logging_mixin.py:188} INFO - [2026-03-09T10:14:12.579+0000] {dag.py:3089} INFO - Sync 1 DAGs
[2026-03-09T10:14:12.592+0000] {logging_mixin.py:188} INFO - [2026-03-09T10:14:12.592+0000] {dag.py:3947} INFO - Setting next_dagrun for partition_event_logs to None, run_after=None
[2026-03-09T10:14:12.609+0000] {processor.py:183} INFO - Processing /opt/airflow/dags/partition_event_logs_dag.py took 0.114 seconds
[2026-03-09T10:29:51.882+0000] {processor.py:161} INFO - Started process (PID=219) to work on /opt/airflow/dags/partition_event_logs_dag.py
[2026-03-09T10:29:51.885+0000] {processor.py:830} INFO - Processing file /opt/airflow/dags/partition_event_logs_dag.py for tasks to queue
[2026-03-09T10:29:51.887+0000] {logging_mixin.py:188} INFO - [2026-03-09T10:29:51.887+0000] {dagbag.py:545} INFO - Filling up the DagBag from /opt/airflow/dags/partition_event_logs_dag.py
[2026-03-09T10:29:51.905+0000] {processor.py:840} INFO - DAG(s) 'partition_event_logs' retrieved from /opt/airflow/dags/partition_event_logs_dag.py
[2026-03-09T10:29:51.937+0000] {logging_mixin.py:188} INFO - [2026-03-09T10:29:51.937+0000] {dag.py:3089} INFO - Sync 1 DAGs
[2026-03-09T10:29:51.946+0000] {logging_mixin.py:188} INFO - [2026-03-09T10:29:51.946+0000] {dag.py:3947} INFO - Setting next_dagrun for partition_event_logs to None, run_after=None
[2026-03-09T10:29:51.960+0000] {processor.py:183} INFO - Processing /opt/airflow/dags/partition_event_logs_dag.py took 0.088 seconds
[2026-03-09T10:30:22.385+0000] {processor.py:161} INFO - Started process (PID=223) to work on /opt/airflow/dags/partition_event_logs_dag.py
[2026-03-09T10:30:22.388+0000] {processor.py:830} INFO - Processing file /opt/airflow/dags/partition_event_logs_dag.py for tasks to queue
[2026-03-09T10:30:22.390+0000] {logging_mixin.py:188} INFO - [2026-03-09T10:30:22.390+0000] {dagbag.py:545} INFO - Filling up the DagBag from /opt/airflow/dags/partition_event_logs_dag.py
[2026-03-09T10:30:22.408+0000] {processor.py:840} INFO - DAG(s) 'partition_event_logs' retrieved from /opt/airflow/dags/partition_event_logs_dag.py
[2026-03-09T10:30:22.449+0000] {logging_mixin.py:188} INFO - [2026-03-09T10:30:22.449+0000] {dag.py:3089} INFO - Sync 1 DAGs
[2026-03-09T10:30:22.459+0000] {logging_mixin.py:188} INFO - [2026-03-09T10:30:22.459+0000] {dag.py:3947} INFO - Setting next_dagrun for partition_event_logs to None, run_after=None
[2026-03-09T10:30:22.474+0000] {processor.py:183} INFO - Processing /opt/airflow/dags/partition_event_logs_dag.py took 0.099 seconds
[2026-03-09T10:30:52.890+0000] {processor.py:161} INFO - Started process (PID=227) to work on /opt/airflow/dags/partition_event_logs_dag.py
[2026-03-09T10:30:52.892+0000] {processor.py:830} INFO - Processing file /opt/airflow/dags/partition_event_logs_dag.py for tasks to queue
[2026-03-09T10:30:52.896+0000] {logging_mixin.py:188} INFO - [2026-03-09T10:30:52.895+0000] {dagbag.py:545} INFO - Filling up the DagBag from /opt/airflow/dags/partition_event_logs_dag.py
[2026-03-09T10:30:52.923+0000] {processor.py:840} INFO - DAG(s) 'partition_event_logs' retrieved from /opt/airflow/dags/partition_event_logs_dag.py
[2026-03-09T10:30:52.975+0000] {logging_mixin.py:188} INFO - [2026-03-09T10:30:52.975+0000] {dag.py:3089} INFO - Sync 1 DAGs
[2026-03-09T10:30:52.989+0000] {logging_mixin.py:188} INFO - [2026-03-09T10:30:52.989+0000] {dag.py:3947} INFO - Setting next_dagrun for partition_event_logs to None, run_after=None
[2026-03-09T10:30:53.009+0000] {processor.py:183} INFO - Processing /opt/airflow/dags/partition_event_logs_dag.py took 0.130 seconds
[2026-03-09T10:37:00.354+0000] {processor.py:161} INFO - Started process (PID=231) to work on /opt/airflow/dags/partition_event_logs_dag.py
[2026-03-09T10:37:00.355+0000] {processor.py:830} INFO - Processing file /opt/airflow/dags/partition_event_logs_dag.py for tasks to queue
[2026-03-09T10:37:00.358+0000] {logging_mixin.py:188} INFO - [2026-03-09T10:37:00.358+0000] {dagbag.py:545} INFO - Filling up the DagBag from /opt/airflow/dags/partition_event_logs_dag.py
[2026-03-09T10:37:00.381+0000] {processor.py:840} INFO - DAG(s) 'partition_event_logs' retrieved from /opt/airflow/dags/partition_event_logs_dag.py
[2026-03-09T10:37:00.416+0000] {logging_mixin.py:188} INFO - [2026-03-09T10:37:00.416+0000] {dag.py:3089} INFO - Sync 1 DAGs
[2026-03-09T10:37:00.428+0000] {logging_mixin.py:188} INFO - [2026-03-09T10:37:00.428+0000] {dag.py:3947} INFO - Setting next_dagrun for partition_event_logs to None, run_after=None
[2026-03-09T10:37:00.442+0000] {processor.py:183} INFO - Processing /opt/airflow/dags/partition_event_logs_dag.py took 0.098 seconds
[2026-03-09T10:37:30.762+0000] {processor.py:161} INFO - Started process (PID=235) to work on /opt/airflow/dags/partition_event_logs_dag.py
[2026-03-09T10:37:30.765+0000] {processor.py:830} INFO - Processing file /opt/airflow/dags/partition_event_logs_dag.py for tasks to queue
[2026-03-09T10:37:30.767+0000] {logging_mixin.py:188} INFO - [2026-03-09T10:37:30.767+0000] {dagbag.py:545} INFO - Filling up the DagBag from /opt/airflow/dags/partition_event_logs_dag.py
[2026-03-09T10:37:30.779+0000] {processor.py:840} INFO - DAG(s) 'partition_event_logs' retrieved from /opt/airflow/dags/partition_event_logs_dag.py
[2026-03-09T10:37:30.806+0000] {logging_mixin.py:188} INFO - [2026-03-09T10:37:30.806+0000] {dag.py:3089} INFO - Sync 1 DAGs
[2026-03-09T10:37:30.815+0000] {logging_mixin.py:188} INFO - [2026-03-09T10:37:30.815+0000] {dag.py:3947} INFO - Setting next_dagrun for partition_event_logs to None, run_after=None
[2026-03-09T10:37:30.830+0000] {processor.py:183} INFO - Processing /opt/airflow/dags/partition_event_logs_dag.py took 0.073 seconds
[2026-03-09T10:38:01.168+0000] {processor.py:161} INFO - Started process (PID=239) to work on /opt/airflow/dags/partition_event_logs_dag.py
[2026-03-09T10:38:01.171+0000] {processor.py:830} INFO - Processing file /opt/airflow/dags/partition_event_logs_dag.py for tasks to queue
[2026-03-09T10:38:01.174+0000] {logging_mixin.py:188} INFO - [2026-03-09T10:38:01.173+0000] {dagbag.py:545} INFO - Filling up the DagBag from /opt/airflow/dags/partition_event_logs_dag.py
[2026-03-09T10:38:01.187+0000] {processor.py:840} INFO - DAG(s) 'partition_event_logs' retrieved from /opt/airflow/dags/partition_event_logs_dag.py
[2026-03-09T10:38:01.218+0000] {logging_mixin.py:188} INFO - [2026-03-09T10:38:01.218+0000] {dag.py:3089} INFO - Sync 1 DAGs
[2026-03-09T10:38:01.229+0000] {logging_mixin.py:188} INFO - [2026-03-09T10:38:01.229+0000] {dag.py:3947} INFO - Setting next_dagrun for partition_event_logs to None, run_after=None
[2026-03-09T10:38:01.242+0000] {processor.py:183} INFO - Processing /opt/airflow/dags/partition_event_logs_dag.py took 0.085 seconds
[2026-03-09T10:38:31.555+0000] {processor.py:161} INFO - Started process (PID=243) to work on /opt/airflow/dags/partition_event_logs_dag.py
[2026-03-09T10:38:31.556+0000] {processor.py:830} INFO - Processing file /opt/airflow/dags/partition_event_logs_dag.py for tasks to queue
[2026-03-09T10:38:31.558+0000] {logging_mixin.py:188} INFO - [2026-03-09T10:38:31.558+0000] {dagbag.py:545} INFO - Filling up the DagBag from /opt/airflow/dags/partition_event_logs_dag.py
[2026-03-09T10:38:31.574+0000] {processor.py:840} INFO - DAG(s) 'partition_event_logs' retrieved from /opt/airflow/dags/partition_event_logs_dag.py
[2026-03-09T10:38:31.604+0000] {logging_mixin.py:188} INFO - [2026-03-09T10:38:31.604+0000] {dag.py:3089} INFO - Sync 1 DAGs
[2026-03-09T10:38:31.620+0000] {logging_mixin.py:188} INFO - [2026-03-09T10:38:31.620+0000] {dag.py:3947} INFO - Setting next_dagrun for partition_event_logs to None, run_after=None
[2026-03-09T10:38:31.636+0000] {processor.py:183} INFO - Processing /opt/airflow/dags/partition_event_logs_dag.py took 0.089 seconds
[2026-03-09T10:39:01.997+0000] {processor.py:161} INFO - Started process (PID=247) to work on /opt/airflow/dags/partition_event_logs_dag.py
[2026-03-09T10:39:01.999+0000] {processor.py:830} INFO - Processing file /opt/airflow/dags/partition_event_logs_dag.py for tasks to queue
[2026-03-09T10:39:02.005+0000] {logging_mixin.py:188} INFO - [2026-03-09T10:39:02.005+0000] {dagbag.py:545} INFO - Filling up the DagBag from /opt/airflow/dags/partition_event_logs_dag.py
[2026-03-09T10:39:02.028+0000] {processor.py:840} INFO - DAG(s) 'partition_event_logs' retrieved from /opt/airflow/dags/partition_event_logs_dag.py
[2026-03-09T10:39:02.071+0000] {logging_mixin.py:188} INFO - [2026-03-09T10:39:02.071+0000] {dag.py:3089} INFO - Sync 1 DAGs
[2026-03-09T10:39:02.084+0000] {logging_mixin.py:188} INFO - [2026-03-09T10:39:02.084+0000] {dag.py:3947} INFO - Setting next_dagrun for partition_event_logs to None, run_after=None
[2026-03-09T10:39:02.104+0000] {processor.py:183} INFO - Processing /opt/airflow/dags/partition_event_logs_dag.py took 0.121 seconds
[2026-03-09T10:39:32.425+0000] {processor.py:161} INFO - Started process (PID=251) to work on /opt/airflow/dags/partition_event_logs_dag.py
[2026-03-09T10:39:32.426+0000] {processor.py:830} INFO - Processing file /opt/airflow/dags/partition_event_logs_dag.py for tasks to queue
[2026-03-09T10:39:32.428+0000] {logging_mixin.py:188} INFO - [2026-03-09T10:39:32.428+0000] {dagbag.py:545} INFO - Filling up the DagBag from /opt/airflow/dags/partition_event_logs_dag.py
[2026-03-09T10:39:32.443+0000] {processor.py:840} INFO - DAG(s) 'partition_event_logs' retrieved from /opt/airflow/dags/partition_event_logs_dag.py
[2026-03-09T10:39:32.478+0000] {logging_mixin.py:188} INFO - [2026-03-09T10:39:32.477+0000] {dag.py:3089} INFO - Sync 1 DAGs
[2026-03-09T10:39:32.489+0000] {logging_mixin.py:188} INFO - [2026-03-09T10:39:32.489+0000] {dag.py:3947} INFO - Setting next_dagrun for partition_event_logs to None, run_after=None
[2026-03-09T10:39:32.508+0000] {processor.py:183} INFO - Processing /opt/airflow/dags/partition_event_logs_dag.py took 0.092 seconds
[2026-03-09T10:40:02.897+0000] {processor.py:161} INFO - Started process (PID=255) to work on /opt/airflow/dags/partition_event_logs_dag.py
[2026-03-09T10:40:02.901+0000] {processor.py:830} INFO - Processing file /opt/airflow/dags/partition_event_logs_dag.py for tasks to queue
[2026-03-09T10:40:02.903+0000] {logging_mixin.py:188} INFO - [2026-03-09T10:40:02.902+0000] {dagbag.py:545} INFO - Filling up the DagBag from /opt/airflow/dags/partition_event_logs_dag.py
[2026-03-09T10:40:02.929+0000] {processor.py:840} INFO - DAG(s) 'partition_event_logs' retrieved from /opt/airflow/dags/partition_event_logs_dag.py
[2026-03-09T10:40:02.969+0000] {logging_mixin.py:188} INFO - [2026-03-09T10:40:02.969+0000] {dag.py:3089} INFO - Sync 1 DAGs
[2026-03-09T10:40:02.985+0000] {logging_mixin.py:188} INFO - [2026-03-09T10:40:02.985+0000] {dag.py:3947} INFO - Setting next_dagrun for partition_event_logs to None, run_after=None
[2026-03-09T10:40:03.002+0000] {processor.py:183} INFO - Processing /opt/airflow/dags/partition_event_logs_dag.py took 0.114 seconds
[2026-03-09T10:40:33.321+0000] {processor.py:161} INFO - Started process (PID=259) to work on /opt/airflow/dags/partition_event_logs_dag.py
[2026-03-09T10:40:33.325+0000] {processor.py:830} INFO - Processing file /opt/airflow/dags/partition_event_logs_dag.py for tasks to queue
[2026-03-09T10:40:33.328+0000] {logging_mixin.py:188} INFO - [2026-03-09T10:40:33.327+0000] {dagbag.py:545} INFO - Filling up the DagBag from /opt/airflow/dags/partition_event_logs_dag.py
[2026-03-09T10:40:33.356+0000] {processor.py:840} INFO - DAG(s) 'partition_event_logs' retrieved from /opt/airflow/dags/partition_event_logs_dag.py
[2026-03-09T10:40:33.393+0000] {logging_mixin.py:188} INFO - [2026-03-09T10:40:33.393+0000] {dag.py:3089} INFO - Sync 1 DAGs
[2026-03-09T10:40:33.410+0000] {logging_mixin.py:188} INFO - [2026-03-09T10:40:33.410+0000] {dag.py:3947} INFO - Setting next_dagrun for partition_event_logs to None, run_after=None
[2026-03-09T10:40:33.425+0000] {processor.py:183} INFO - Processing /opt/airflow/dags/partition_event_logs_dag.py took 0.112 seconds
[2026-03-09T10:41:03.783+0000] {processor.py:161} INFO - Started process (PID=263) to work on /opt/airflow/dags/partition_event_logs_dag.py
[2026-03-09T10:41:03.786+0000] {processor.py:830} INFO - Processing file /opt/airflow/dags/partition_event_logs_dag.py for tasks to queue
[2026-03-09T10:41:03.790+0000] {logging_mixin.py:188} INFO - [2026-03-09T10:41:03.789+0000] {dagbag.py:545} INFO - Filling up the DagBag from /opt/airflow/dags/partition_event_logs_dag.py
[2026-03-09T10:41:03.819+0000] {processor.py:840} INFO - DAG(s) 'partition_event_logs' retrieved from /opt/airflow/dags/partition_event_logs_dag.py
[2026-03-09T10:41:03.870+0000] {logging_mixin.py:188} INFO - [2026-03-09T10:41:03.869+0000] {dag.py:3089} INFO - Sync 1 DAGs
[2026-03-09T10:41:03.886+0000] {logging_mixin.py:188} INFO - [2026-03-09T10:41:03.885+0000] {dag.py:3947} INFO - Setting next_dagrun for partition_event_logs to None, run_after=None
[2026-03-09T10:41:03.907+0000] {processor.py:183} INFO - Processing /opt/airflow/dags/partition_event_logs_dag.py took 0.136 seconds
[2026-03-09T10:41:34.237+0000] {processor.py:161} INFO - Started process (PID=267) to work on /opt/airflow/dags/partition_event_logs_dag.py
[2026-03-09T10:41:34.240+0000] {processor.py:830} INFO - Processing file /opt/airflow/dags/partition_event_logs_dag.py for tasks to queue
[2026-03-09T10:41:34.244+0000] {logging_mixin.py:188} INFO - [2026-03-09T10:41:34.244+0000] {dagbag.py:545} INFO - Filling up the DagBag from /opt/airflow/dags/partition_event_logs_dag.py
[2026-03-09T10:41:34.263+0000] {processor.py:840} INFO - DAG(s) 'partition_event_logs' retrieved from /opt/airflow/dags/partition_event_logs_dag.py
[2026-03-09T10:41:34.302+0000] {logging_mixin.py:188} INFO - [2026-03-09T10:41:34.302+0000] {dag.py:3089} INFO - Sync 1 DAGs
[2026-03-09T10:41:34.317+0000] {logging_mixin.py:188} INFO - [2026-03-09T10:41:34.317+0000] {dag.py:3947} INFO - Setting next_dagrun for partition_event_logs to None, run_after=None
[2026-03-09T10:41:34.334+0000] {processor.py:183} INFO - Processing /opt/airflow/dags/partition_event_logs_dag.py took 0.107 seconds
[2026-03-09T10:42:04.693+0000] {processor.py:161} INFO - Started process (PID=271) to work on /opt/airflow/dags/partition_event_logs_dag.py
[2026-03-09T10:42:04.697+0000] {processor.py:830} INFO - Processing file /opt/airflow/dags/partition_event_logs_dag.py for tasks to queue
[2026-03-09T10:42:04.700+0000] {logging_mixin.py:188} INFO - [2026-03-09T10:42:04.700+0000] {dagbag.py:545} INFO - Filling up the DagBag from /opt/airflow/dags/partition_event_logs_dag.py
[2026-03-09T10:42:04.730+0000] {processor.py:840} INFO - DAG(s) 'partition_event_logs' retrieved from /opt/airflow/dags/partition_event_logs_dag.py
[2026-03-09T10:42:04.770+0000] {logging_mixin.py:188} INFO - [2026-03-09T10:42:04.770+0000] {dag.py:3089} INFO - Sync 1 DAGs
[2026-03-09T10:42:04.792+0000] {logging_mixin.py:188} INFO - [2026-03-09T10:42:04.792+0000] {dag.py:3947} INFO - Setting next_dagrun for partition_event_logs to None, run_after=None
[2026-03-09T10:42:04.811+0000] {processor.py:183} INFO - Processing /opt/airflow/dags/partition_event_logs_dag.py took 0.131 seconds
[2026-03-09T10:42:35.125+0000] {processor.py:161} INFO - Started process (PID=275) to work on /opt/airflow/dags/partition_event_logs_dag.py
[2026-03-09T10:42:35.125+0000] {processor.py:830} INFO - Processing file /opt/airflow/dags/partition_event_logs_dag.py for tasks to queue
[2026-03-09T10:42:35.129+0000] {logging_mixin.py:188} INFO - [2026-03-09T10:42:35.128+0000] {dagbag.py:545} INFO - Filling up the DagBag from /opt/airflow/dags/partition_event_logs_dag.py
[2026-03-09T10:42:35.145+0000] {processor.py:840} INFO - DAG(s) 'partition_event_logs' retrieved from /opt/airflow/dags/partition_event_logs_dag.py
[2026-03-09T10:42:35.180+0000] {logging_mixin.py:188} INFO - [2026-03-09T10:42:35.180+0000] {dag.py:3089} INFO - Sync 1 DAGs
[2026-03-09T10:42:35.189+0000] {logging_mixin.py:188} INFO - [2026-03-09T10:42:35.189+0000] {dag.py:3947} INFO - Setting next_dagrun for partition_event_logs to None, run_after=None
[2026-03-09T10:42:35.203+0000] {processor.py:183} INFO - Processing /opt/airflow/dags/partition_event_logs_dag.py took 0.094 seconds
[2026-03-09T10:43:05.532+0000] {processor.py:161} INFO - Started process (PID=279) to work on /opt/airflow/dags/partition_event_logs_dag.py
[2026-03-09T10:43:05.534+0000] {processor.py:830} INFO - Processing file /opt/airflow/dags/partition_event_logs_dag.py for tasks to queue
[2026-03-09T10:43:05.536+0000] {logging_mixin.py:188} INFO - [2026-03-09T10:43:05.535+0000] {dagbag.py:545} INFO - Filling up the DagBag from /opt/airflow/dags/partition_event_logs_dag.py
[2026-03-09T10:43:05.553+0000] {processor.py:840} INFO - DAG(s) 'partition_event_logs' retrieved from /opt/airflow/dags/partition_event_logs_dag.py
[2026-03-09T10:43:05.584+0000] {logging_mixin.py:188} INFO - [2026-03-09T10:43:05.584+0000] {dag.py:3089} INFO - Sync 1 DAGs
[2026-03-09T10:43:05.597+0000] {logging_mixin.py:188} INFO - [2026-03-09T10:43:05.596+0000] {dag.py:3947} INFO - Setting next_dagrun for partition_event_logs to None, run_after=None
[2026-03-09T10:43:05.612+0000] {processor.py:183} INFO - Processing /opt/airflow/dags/partition_event_logs_dag.py took 0.091 seconds
[2026-03-09T10:43:35.927+0000] {processor.py:161} INFO - Started process (PID=283) to work on /opt/airflow/dags/partition_event_logs_dag.py
[2026-03-09T10:43:35.929+0000] {processor.py:830} INFO - Processing file /opt/airflow/dags/partition_event_logs_dag.py for tasks to queue
[2026-03-09T10:43:35.932+0000] {logging_mixin.py:188} INFO - [2026-03-09T10:43:35.931+0000] {dagbag.py:545} INFO - Filling up the DagBag from /opt/airflow/dags/partition_event_logs_dag.py
[2026-03-09T10:43:35.957+0000] {processor.py:840} INFO - DAG(s) 'partition_event_logs' retrieved from /opt/airflow/dags/partition_event_logs_dag.py
[2026-03-09T10:43:35.994+0000] {logging_mixin.py:188} INFO - [2026-03-09T10:43:35.994+0000] {dag.py:3089} INFO - Sync 1 DAGs
[2026-03-09T10:43:36.010+0000] {logging_mixin.py:188} INFO - [2026-03-09T10:43:36.010+0000] {dag.py:3947} INFO - Setting next_dagrun for partition_event_logs to None, run_after=None
[2026-03-09T10:43:36.027+0000] {processor.py:183} INFO - Processing /opt/airflow/dags/partition_event_logs_dag.py took 0.111 seconds
[2026-03-09T10:44:06.347+0000] {processor.py:161} INFO - Started process (PID=287) to work on /opt/airflow/dags/partition_event_logs_dag.py
[2026-03-09T10:44:06.348+0000] {processor.py:830} INFO - Processing file /opt/airflow/dags/partition_event_logs_dag.py for tasks to queue
[2026-03-09T10:44:06.351+0000] {logging_mixin.py:188} INFO - [2026-03-09T10:44:06.351+0000] {dagbag.py:545} INFO - Filling up the DagBag from /opt/airflow/dags/partition_event_logs_dag.py
[2026-03-09T10:44:06.376+0000] {processor.py:840} INFO - DAG(s) 'partition_event_logs' retrieved from /opt/airflow/dags/partition_event_logs_dag.py
[2026-03-09T10:44:06.404+0000] {logging_mixin.py:188} INFO - [2026-03-09T10:44:06.403+0000] {dag.py:3089} INFO - Sync 1 DAGs
[2026-03-09T10:44:06.415+0000] {logging_mixin.py:188} INFO - [2026-03-09T10:44:06.415+0000] {dag.py:3947} INFO - Setting next_dagrun for partition_event_logs to None, run_after=None
[2026-03-09T10:44:06.429+0000] {processor.py:183} INFO - Processing /opt/airflow/dags/partition_event_logs_dag.py took 0.090 seconds
[2026-03-09T10:44:36.723+0000] {processor.py:161} INFO - Started process (PID=291) to work on /opt/airflow/dags/partition_event_logs_dag.py
[2026-03-09T10:44:36.726+0000] {processor.py:830} INFO - Processing file /opt/airflow/dags/partition_event_logs_dag.py for tasks to queue
[2026-03-09T10:44:36.730+0000] {logging_mixin.py:188} INFO - [2026-03-09T10:44:36.730+0000] {dagbag.py:545} INFO - Filling up the DagBag from /opt/airflow/dags/partition_event_logs_dag.py
[2026-03-09T10:44:36.762+0000] {processor.py:840} INFO - DAG(s) 'partition_event_logs' retrieved from /opt/airflow/dags/partition_event_logs_dag.py
[2026-03-09T10:44:36.817+0000] {logging_mixin.py:188} INFO - [2026-03-09T10:44:36.817+0000] {dag.py:3089} INFO - Sync 1 DAGs
[2026-03-09T10:44:36.842+0000] {logging_mixin.py:188} INFO - [2026-03-09T10:44:36.842+0000] {dag.py:3947} INFO - Setting next_dagrun for partition_event_logs to None, run_after=None
[2026-03-09T10:44:36.861+0000] {processor.py:183} INFO - Processing /opt/airflow/dags/partition_event_logs_dag.py took 0.158 seconds
[2026-03-09T10:45:07.308+0000] {processor.py:161} INFO - Started process (PID=295) to work on /opt/airflow/dags/partition_event_logs_dag.py
[2026-03-09T10:45:07.312+0000] {processor.py:830} INFO - Processing file /opt/airflow/dags/partition_event_logs_dag.py for tasks to queue
[2026-03-09T10:45:07.316+0000] {logging_mixin.py:188} INFO - [2026-03-09T10:45:07.316+0000] {dagbag.py:545} INFO - Filling up the DagBag from /opt/airflow/dags/partition_event_logs_dag.py
[2026-03-09T10:45:07.333+0000] {processor.py:840} INFO - DAG(s) 'partition_event_logs' retrieved from /opt/airflow/dags/partition_event_logs_dag.py
[2026-03-09T10:45:07.377+0000] {logging_mixin.py:188} INFO - [2026-03-09T10:45:07.377+0000] {dag.py:3089} INFO - Sync 1 DAGs
[2026-03-09T10:45:07.396+0000] {logging_mixin.py:188} INFO - [2026-03-09T10:45:07.396+0000] {dag.py:3947} INFO - Setting next_dagrun for partition_event_logs to None, run_after=None
[2026-03-09T10:45:07.415+0000] {processor.py:183} INFO - Processing /opt/airflow/dags/partition_event_logs_dag.py took 0.117 seconds
[2026-03-09T10:45:37.810+0000] {processor.py:161} INFO - Started process (PID=299) to work on /opt/airflow/dags/partition_event_logs_dag.py
[2026-03-09T10:45:37.812+0000] {processor.py:830} INFO - Processing file /opt/airflow/dags/partition_event_logs_dag.py for tasks to queue
[2026-03-09T10:45:37.816+0000] {logging_mixin.py:188} INFO - [2026-03-09T10:45:37.815+0000] {dagbag.py:545} INFO - Filling up the DagBag from /opt/airflow/dags/partition_event_logs_dag.py
[2026-03-09T10:45:37.846+0000] {processor.py:840} INFO - DAG(s) 'partition_event_logs' retrieved from /opt/airflow/dags/partition_event_logs_dag.py
[2026-03-09T10:45:37.898+0000] {logging_mixin.py:188} INFO - [2026-03-09T10:45:37.898+0000] {dag.py:3089} INFO - Sync 1 DAGs
[2026-03-09T10:45:37.916+0000] {logging_mixin.py:188} INFO - [2026-03-09T10:45:37.916+0000] {dag.py:3947} INFO - Setting next_dagrun for partition_event_logs to None, run_after=None
[2026-03-09T10:45:37.932+0000] {processor.py:183} INFO - Processing /opt/airflow/dags/partition_event_logs_dag.py took 0.133 seconds
[2026-03-09T10:46:08.361+0000] {processor.py:161} INFO - Started process (PID=303) to work on /opt/airflow/dags/partition_event_logs_dag.py
[2026-03-09T10:46:08.367+0000] {processor.py:830} INFO - Processing file /opt/airflow/dags/partition_event_logs_dag.py for tasks to queue
[2026-03-09T10:46:08.377+0000] {logging_mixin.py:188} INFO - [2026-03-09T10:46:08.376+0000] {dagbag.py:545} INFO - Filling up the DagBag from /opt/airflow/dags/partition_event_logs_dag.py
[2026-03-09T10:46:08.397+0000] {processor.py:840} INFO - DAG(s) 'partition_event_logs' retrieved from /opt/airflow/dags/partition_event_logs_dag.py
[2026-03-09T10:46:08.436+0000] {logging_mixin.py:188} INFO - [2026-03-09T10:46:08.436+0000] {dag.py:3089} INFO - Sync 1 DAGs
[2026-03-09T10:46:08.451+0000] {logging_mixin.py:188} INFO - [2026-03-09T10:46:08.451+0000] {dag.py:3947} INFO - Setting next_dagrun for partition_event_logs to None, run_after=None
[2026-03-09T10:46:08.472+0000] {processor.py:183} INFO - Processing /opt/airflow/dags/partition_event_logs_dag.py took 0.127 seconds
[2026-03-09T10:46:38.830+0000] {processor.py:161} INFO - Started process (PID=307) to work on /opt/airflow/dags/partition_event_logs_dag.py
[2026-03-09T10:46:38.833+0000] {processor.py:830} INFO - Processing file /opt/airflow/dags/partition_event_logs_dag.py for tasks to queue
[2026-03-09T10:46:38.836+0000] {logging_mixin.py:188} INFO - [2026-03-09T10:46:38.835+0000] {dagbag.py:545} INFO - Filling up the DagBag from /opt/airflow/dags/partition_event_logs_dag.py
[2026-03-09T10:46:38.856+0000] {processor.py:840} INFO - DAG(s) 'partition_event_logs' retrieved from /opt/airflow/dags/partition_event_logs_dag.py
[2026-03-09T10:46:38.890+0000] {logging_mixin.py:188} INFO - [2026-03-09T10:46:38.890+0000] {dag.py:3089} INFO - Sync 1 DAGs
[2026-03-09T10:46:38.906+0000] {logging_mixin.py:188} INFO - [2026-03-09T10:46:38.905+0000] {dag.py:3947} INFO - Setting next_dagrun for partition_event_logs to None, run_after=None
[2026-03-09T10:46:38.925+0000] {processor.py:183} INFO - Processing /opt/airflow/dags/partition_event_logs_dag.py took 0.107 seconds
[2026-03-09T10:47:09.290+0000] {processor.py:161} INFO - Started process (PID=311) to work on /opt/airflow/dags/partition_event_logs_dag.py
[2026-03-09T10:47:09.291+0000] {processor.py:830} INFO - Processing file /opt/airflow/dags/partition_event_logs_dag.py for tasks to queue
[2026-03-09T10:47:09.293+0000] {logging_mixin.py:188} INFO - [2026-03-09T10:47:09.293+0000] {dagbag.py:545} INFO - Filling up the DagBag from /opt/airflow/dags/partition_event_logs_dag.py
[2026-03-09T10:47:09.311+0000] {processor.py:840} INFO - DAG(s) 'partition_event_logs' retrieved from /opt/airflow/dags/partition_event_logs_dag.py
[2026-03-09T10:47:09.352+0000] {logging_mixin.py:188} INFO - [2026-03-09T10:47:09.352+0000] {dag.py:3089} INFO - Sync 1 DAGs
[2026-03-09T10:47:09.367+0000] {logging_mixin.py:188} INFO - [2026-03-09T10:47:09.367+0000] {dag.py:3947} INFO - Setting next_dagrun for partition_event_logs to None, run_after=None
[2026-03-09T10:47:09.383+0000] {processor.py:183} INFO - Processing /opt/airflow/dags/partition_event_logs_dag.py took 0.103 seconds
[2026-03-09T10:47:39.738+0000] {processor.py:161} INFO - Started process (PID=315) to work on /opt/airflow/dags/partition_event_logs_dag.py
[2026-03-09T10:47:39.741+0000] {processor.py:830} INFO - Processing file /opt/airflow/dags/partition_event_logs_dag.py for tasks to queue
[2026-03-09T10:47:39.744+0000] {logging_mixin.py:188} INFO - [2026-03-09T10:47:39.744+0000] {dagbag.py:545} INFO - Filling up the DagBag from /opt/airflow/dags/partition_event_logs_dag.py
[2026-03-09T10:47:39.772+0000] {processor.py:840} INFO - DAG(s) 'partition_event_logs' retrieved from /opt/airflow/dags/partition_event_logs_dag.py
[2026-03-09T10:47:39.819+0000] {logging_mixin.py:188} INFO - [2026-03-09T10:47:39.819+0000] {dag.py:3089} INFO - Sync 1 DAGs
[2026-03-09T10:47:39.833+0000] {logging_mixin.py:188} INFO - [2026-03-09T10:47:39.833+0000] {dag.py:3947} INFO - Setting next_dagrun for partition_event_logs to None, run_after=None
[2026-03-09T10:47:39.854+0000] {processor.py:183} INFO - Processing /opt/airflow/dags/partition_event_logs_dag.py took 0.130 seconds
[2026-03-09T10:48:10.190+0000] {processor.py:161} INFO - Started process (PID=319) to work on /opt/airflow/dags/partition_event_logs_dag.py
[2026-03-09T10:48:10.193+0000] {processor.py:830} INFO - Processing file /opt/airflow/dags/partition_event_logs_dag.py for tasks to queue
[2026-03-09T10:48:10.195+0000] {logging_mixin.py:188} INFO - [2026-03-09T10:48:10.195+0000] {dagbag.py:545} INFO - Filling up the DagBag from /opt/airflow/dags/partition_event_logs_dag.py
[2026-03-09T10:48:10.220+0000] {processor.py:840} INFO - DAG(s) 'partition_event_logs' retrieved from /opt/airflow/dags/partition_event_logs_dag.py
[2026-03-09T10:48:10.255+0000] {logging_mixin.py:188} INFO - [2026-03-09T10:48:10.255+0000] {dag.py:3089} INFO - Sync 1 DAGs
[2026-03-09T10:48:10.277+0000] {logging_mixin.py:188} INFO - [2026-03-09T10:48:10.277+0000] {dag.py:3947} INFO - Setting next_dagrun for partition_event_logs to None, run_after=None
[2026-03-09T10:48:10.296+0000] {processor.py:183} INFO - Processing /opt/airflow/dags/partition_event_logs_dag.py took 0.114 seconds
[2026-03-09T10:48:40.617+0000] {processor.py:161} INFO - Started process (PID=323) to work on /opt/airflow/dags/partition_event_logs_dag.py
[2026-03-09T10:48:40.619+0000] {processor.py:830} INFO - Processing file /opt/airflow/dags/partition_event_logs_dag.py for tasks to queue
[2026-03-09T10:48:40.623+0000] {logging_mixin.py:188} INFO - [2026-03-09T10:48:40.623+0000] {dagbag.py:545} INFO - Filling up the DagBag from /opt/airflow/dags/partition_event_logs_dag.py
[2026-03-09T10:48:40.662+0000] {processor.py:840} INFO - DAG(s) 'partition_event_logs' retrieved from /opt/airflow/dags/partition_event_logs_dag.py
[2026-03-09T10:48:40.708+0000] {logging_mixin.py:188} INFO - [2026-03-09T10:48:40.708+0000] {dag.py:3089} INFO - Sync 1 DAGs
[2026-03-09T10:48:40.722+0000] {logging_mixin.py:188} INFO - [2026-03-09T10:48:40.721+0000] {dag.py:3947} INFO - Setting next_dagrun for partition_event_logs to None, run_after=None
[2026-03-09T10:48:40.736+0000] {processor.py:183} INFO - Processing /opt/airflow/dags/partition_event_logs_dag.py took 0.130 seconds
[2026-03-09T10:49:11.085+0000] {processor.py:161} INFO - Started process (PID=327) to work on /opt/airflow/dags/partition_event_logs_dag.py
[2026-03-09T10:49:11.088+0000] {processor.py:830} INFO - Processing file /opt/airflow/dags/partition_event_logs_dag.py for tasks to queue
[2026-03-09T10:49:11.094+0000] {logging_mixin.py:188} INFO - [2026-03-09T10:49:11.094+0000] {dagbag.py:545} INFO - Filling up the DagBag from /opt/airflow/dags/partition_event_logs_dag.py
[2026-03-09T10:49:11.115+0000] {processor.py:840} INFO - DAG(s) 'partition_event_logs' retrieved from /opt/airflow/dags/partition_event_logs_dag.py
[2026-03-09T10:49:11.145+0000] {logging_mixin.py:188} INFO - [2026-03-09T10:49:11.145+0000] {dag.py:3089} INFO - Sync 1 DAGs
[2026-03-09T10:49:11.159+0000] {logging_mixin.py:188} INFO - [2026-03-09T10:49:11.159+0000] {dag.py:3947} INFO - Setting next_dagrun for partition_event_logs to None, run_after=None
[2026-03-09T10:49:11.175+0000] {processor.py:183} INFO - Processing /opt/airflow/dags/partition_event_logs_dag.py took 0.106 seconds
[2026-03-09T10:49:41.514+0000] {processor.py:161} INFO - Started process (PID=331) to work on /opt/airflow/dags/partition_event_logs_dag.py
[2026-03-09T10:49:41.516+0000] {processor.py:830} INFO - Processing file /opt/airflow/dags/partition_event_logs_dag.py for tasks to queue
[2026-03-09T10:49:41.521+0000] {logging_mixin.py:188} INFO - [2026-03-09T10:49:41.520+0000] {dagbag.py:545} INFO - Filling up the DagBag from /opt/airflow/dags/partition_event_logs_dag.py
[2026-03-09T10:49:41.557+0000] {processor.py:840} INFO - DAG(s) 'partition_event_logs' retrieved from /opt/airflow/dags/partition_event_logs_dag.py
[2026-03-09T10:49:41.606+0000] {logging_mixin.py:188} INFO - [2026-03-09T10:49:41.606+0000] {dag.py:3089} INFO - Sync 1 DAGs
[2026-03-09T10:49:41.623+0000] {logging_mixin.py:188} INFO - [2026-03-09T10:49:41.623+0000] {dag.py:3947} INFO - Setting next_dagrun for partition_event_logs to None, run_after=None
[2026-03-09T10:49:41.643+0000] {processor.py:183} INFO - Processing /opt/airflow/dags/partition_event_logs_dag.py took 0.146 seconds
[2026-03-09T10:50:11.993+0000] {processor.py:161} INFO - Started process (PID=335) to work on /opt/airflow/dags/partition_event_logs_dag.py
[2026-03-09T10:50:11.994+0000] {processor.py:830} INFO - Processing file /opt/airflow/dags/partition_event_logs_dag.py for tasks to queue
[2026-03-09T10:50:12.001+0000] {logging_mixin.py:188} INFO - [2026-03-09T10:50:12.000+0000] {dagbag.py:545} INFO - Filling up the DagBag from /opt/airflow/dags/partition_event_logs_dag.py
[2026-03-09T10:50:12.029+0000] {processor.py:840} INFO - DAG(s) 'partition_event_logs' retrieved from /opt/airflow/dags/partition_event_logs_dag.py
[2026-03-09T10:50:12.068+0000] {logging_mixin.py:188} INFO - [2026-03-09T10:50:12.068+0000] {dag.py:3089} INFO - Sync 1 DAGs
[2026-03-09T10:50:12.084+0000] {logging_mixin.py:188} INFO - [2026-03-09T10:50:12.084+0000] {dag.py:3947} INFO - Setting next_dagrun for partition_event_logs to None, run_after=None
[2026-03-09T10:50:12.103+0000] {processor.py:183} INFO - Processing /opt/airflow/dags/partition_event_logs_dag.py took 0.123 seconds
[2026-03-09T10:50:42.439+0000] {processor.py:161} INFO - Started process (PID=339) to work on /opt/airflow/dags/partition_event_logs_dag.py
[2026-03-09T10:50:42.441+0000] {processor.py:830} INFO - Processing file /opt/airflow/dags/partition_event_logs_dag.py for tasks to queue
[2026-03-09T10:50:42.443+0000] {logging_mixin.py:188} INFO - [2026-03-09T10:50:42.443+0000] {dagbag.py:545} INFO - Filling up the DagBag from /opt/airflow/dags/partition_event_logs_dag.py
[2026-03-09T10:50:42.468+0000] {processor.py:840} INFO - DAG(s) 'partition_event_logs' retrieved from /opt/airflow/dags/partition_event_logs_dag.py
[2026-03-09T10:50:42.519+0000] {logging_mixin.py:188} INFO - [2026-03-09T10:50:42.519+0000] {dag.py:3089} INFO - Sync 1 DAGs
[2026-03-09T10:50:42.532+0000] {logging_mixin.py:188} INFO - [2026-03-09T10:50:42.532+0000] {dag.py:3947} INFO - Setting next_dagrun for partition_event_logs to None, run_after=None
[2026-03-09T10:50:42.548+0000] {processor.py:183} INFO - Processing /opt/airflow/dags/partition_event_logs_dag.py took 0.120 seconds
[2026-03-09T10:51:12.898+0000] {processor.py:161} INFO - Started process (PID=343) to work on /opt/airflow/dags/partition_event_logs_dag.py
[2026-03-09T10:51:12.902+0000] {processor.py:830} INFO - Processing file /opt/airflow/dags/partition_event_logs_dag.py for tasks to queue
[2026-03-09T10:51:12.905+0000] {logging_mixin.py:188} INFO - [2026-03-09T10:51:12.904+0000] {dagbag.py:545} INFO - Filling up the DagBag from /opt/airflow/dags/partition_event_logs_dag.py
[2026-03-09T10:51:12.926+0000] {processor.py:840} INFO - DAG(s) 'partition_event_logs' retrieved from /opt/airflow/dags/partition_event_logs_dag.py
[2026-03-09T10:51:12.967+0000] {logging_mixin.py:188} INFO - [2026-03-09T10:51:12.966+0000] {dag.py:3089} INFO - Sync 1 DAGs
[2026-03-09T10:51:12.980+0000] {logging_mixin.py:188} INFO - [2026-03-09T10:51:12.980+0000] {dag.py:3947} INFO - Setting next_dagrun for partition_event_logs to None, run_after=None
[2026-03-09T10:51:12.997+0000] {processor.py:183} INFO - Processing /opt/airflow/dags/partition_event_logs_dag.py took 0.112 seconds
[2026-03-09T10:51:43.351+0000] {processor.py:161} INFO - Started process (PID=347) to work on /opt/airflow/dags/partition_event_logs_dag.py
[2026-03-09T10:51:43.352+0000] {processor.py:830} INFO - Processing file /opt/airflow/dags/partition_event_logs_dag.py for tasks to queue
[2026-03-09T10:51:43.355+0000] {logging_mixin.py:188} INFO - [2026-03-09T10:51:43.355+0000] {dagbag.py:545} INFO - Filling up the DagBag from /opt/airflow/dags/partition_event_logs_dag.py
[2026-03-09T10:51:43.373+0000] {processor.py:840} INFO - DAG(s) 'partition_event_logs' retrieved from /opt/airflow/dags/partition_event_logs_dag.py
[2026-03-09T10:51:43.409+0000] {logging_mixin.py:188} INFO - [2026-03-09T10:51:43.409+0000] {dag.py:3089} INFO - Sync 1 DAGs
[2026-03-09T10:51:43.420+0000] {logging_mixin.py:188} INFO - [2026-03-09T10:51:43.420+0000] {dag.py:3947} INFO - Setting next_dagrun for partition_event_logs to None, run_after=None
[2026-03-09T10:51:43.436+0000] {processor.py:183} INFO - Processing /opt/airflow/dags/partition_event_logs_dag.py took 0.097 seconds
[2026-03-09T10:52:13.778+0000] {processor.py:161} INFO - Started process (PID=351) to work on /opt/airflow/dags/partition_event_logs_dag.py
[2026-03-09T10:52:13.781+0000] {processor.py:830} INFO - Processing file /opt/airflow/dags/partition_event_logs_dag.py for tasks to queue
[2026-03-09T10:52:13.792+0000] {logging_mixin.py:188} INFO - [2026-03-09T10:52:13.791+0000] {dagbag.py:545} INFO - Filling up the DagBag from /opt/airflow/dags/partition_event_logs_dag.py
[2026-03-09T10:52:13.812+0000] {processor.py:840} INFO - DAG(s) 'partition_event_logs' retrieved from /opt/airflow/dags/partition_event_logs_dag.py
[2026-03-09T10:52:13.858+0000] {logging_mixin.py:188} INFO - [2026-03-09T10:52:13.858+0000] {dag.py:3089} INFO - Sync 1 DAGs
[2026-03-09T10:52:13.872+0000] {logging_mixin.py:188} INFO - [2026-03-09T10:52:13.872+0000] {dag.py:3947} INFO - Setting next_dagrun for partition_event_logs to None, run_after=None
[2026-03-09T10:52:13.888+0000] {processor.py:183} INFO - Processing /opt/airflow/dags/partition_event_logs_dag.py took 0.119 seconds
[2026-03-09T10:52:44.271+0000] {processor.py:161} INFO - Started process (PID=355) to work on /opt/airflow/dags/partition_event_logs_dag.py
[2026-03-09T10:52:44.274+0000] {processor.py:830} INFO - Processing file /opt/airflow/dags/partition_event_logs_dag.py for tasks to queue
[2026-03-09T10:52:44.279+0000] {logging_mixin.py:188} INFO - [2026-03-09T10:52:44.278+0000] {dagbag.py:545} INFO - Filling up the DagBag from /opt/airflow/dags/partition_event_logs_dag.py
[2026-03-09T10:52:44.299+0000] {processor.py:840} INFO - DAG(s) 'partition_event_logs' retrieved from /opt/airflow/dags/partition_event_logs_dag.py
[2026-03-09T10:52:44.334+0000] {logging_mixin.py:188} INFO - [2026-03-09T10:52:44.334+0000] {dag.py:3089} INFO - Sync 1 DAGs
[2026-03-09T10:52:44.350+0000] {logging_mixin.py:188} INFO - [2026-03-09T10:52:44.350+0000] {dag.py:3947} INFO - Setting next_dagrun for partition_event_logs to None, run_after=None
[2026-03-09T10:52:44.364+0000] {processor.py:183} INFO - Processing /opt/airflow/dags/partition_event_logs_dag.py took 0.107 seconds
[2026-03-09T10:53:14.737+0000] {processor.py:161} INFO - Started process (PID=359) to work on /opt/airflow/dags/partition_event_logs_dag.py
[2026-03-09T10:53:14.740+0000] {processor.py:830} INFO - Processing file /opt/airflow/dags/partition_event_logs_dag.py for tasks to queue
[2026-03-09T10:53:14.743+0000] {logging_mixin.py:188} INFO - [2026-03-09T10:53:14.743+0000] {dagbag.py:545} INFO - Filling up the DagBag from /opt/airflow/dags/partition_event_logs_dag.py
[2026-03-09T10:53:14.769+0000] {processor.py:840} INFO - DAG(s) 'partition_event_logs' retrieved from /opt/airflow/dags/partition_event_logs_dag.py
[2026-03-09T10:53:14.835+0000] {logging_mixin.py:188} INFO - [2026-03-09T10:53:14.834+0000] {dag.py:3089} INFO - Sync 1 DAGs
[2026-03-09T10:53:14.853+0000] {logging_mixin.py:188} INFO - [2026-03-09T10:53:14.853+0000] {dag.py:3947} INFO - Setting next_dagrun for partition_event_logs to None, run_after=None
[2026-03-09T10:53:14.876+0000] {processor.py:183} INFO - Processing /opt/airflow/dags/partition_event_logs_dag.py took 0.159 seconds
[2026-03-09T10:53:45.228+0000] {processor.py:161} INFO - Started process (PID=363) to work on /opt/airflow/dags/partition_event_logs_dag.py
[2026-03-09T10:53:45.235+0000] {processor.py:830} INFO - Processing file /opt/airflow/dags/partition_event_logs_dag.py for tasks to queue
[2026-03-09T10:53:45.240+0000] {logging_mixin.py:188} INFO - [2026-03-09T10:53:45.240+0000] {dagbag.py:545} INFO - Filling up the DagBag from /opt/airflow/dags/partition_event_logs_dag.py
[2026-03-09T10:53:45.266+0000] {processor.py:840} INFO - DAG(s) 'partition_event_logs' retrieved from /opt/airflow/dags/partition_event_logs_dag.py
[2026-03-09T10:53:45.326+0000] {logging_mixin.py:188} INFO - [2026-03-09T10:53:45.326+0000] {dag.py:3089} INFO - Sync 1 DAGs
[2026-03-09T10:53:45.344+0000] {logging_mixin.py:188} INFO - [2026-03-09T10:53:45.344+0000] {dag.py:3947} INFO - Setting next_dagrun for partition_event_logs to None, run_after=None
[2026-03-09T10:53:45.360+0000] {processor.py:183} INFO - Processing /opt/airflow/dags/partition_event_logs_dag.py took 0.149 seconds
[2026-03-09T10:54:15.728+0000] {processor.py:161} INFO - Started process (PID=367) to work on /opt/airflow/dags/partition_event_logs_dag.py
[2026-03-09T10:54:15.730+0000] {processor.py:830} INFO - Processing file /opt/airflow/dags/partition_event_logs_dag.py for tasks to queue
[2026-03-09T10:54:15.735+0000] {logging_mixin.py:188} INFO - [2026-03-09T10:54:15.734+0000] {dagbag.py:545} INFO - Filling up the DagBag from /opt/airflow/dags/partition_event_logs_dag.py
[2026-03-09T10:54:15.756+0000] {processor.py:840} INFO - DAG(s) 'partition_event_logs' retrieved from /opt/airflow/dags/partition_event_logs_dag.py
[2026-03-09T10:54:15.807+0000] {logging_mixin.py:188} INFO - [2026-03-09T10:54:15.807+0000] {dag.py:3089} INFO - Sync 1 DAGs
[2026-03-09T10:54:15.823+0000] {logging_mixin.py:188} INFO - [2026-03-09T10:54:15.823+0000] {dag.py:3947} INFO - Setting next_dagrun for partition_event_logs to None, run_after=None
[2026-03-09T10:54:15.844+0000] {processor.py:183} INFO - Processing /opt/airflow/dags/partition_event_logs_dag.py took 0.134 seconds
[2026-03-09T10:54:46.207+0000] {processor.py:161} INFO - Started process (PID=371) to work on /opt/airflow/dags/partition_event_logs_dag.py
[2026-03-09T10:54:46.209+0000] {processor.py:830} INFO - Processing file /opt/airflow/dags/partition_event_logs_dag.py for tasks to queue
[2026-03-09T10:54:46.225+0000] {logging_mixin.py:188} INFO - [2026-03-09T10:54:46.224+0000] {dagbag.py:545} INFO - Filling up the DagBag from /opt/airflow/dags/partition_event_logs_dag.py
[2026-03-09T10:54:46.246+0000] {processor.py:840} INFO - DAG(s) 'partition_event_logs' retrieved from /opt/airflow/dags/partition_event_logs_dag.py
[2026-03-09T10:54:46.290+0000] {logging_mixin.py:188} INFO - [2026-03-09T10:54:46.290+0000] {dag.py:3089} INFO - Sync 1 DAGs
[2026-03-09T10:54:46.305+0000] {logging_mixin.py:188} INFO - [2026-03-09T10:54:46.305+0000] {dag.py:3947} INFO - Setting next_dagrun for partition_event_logs to None, run_after=None
[2026-03-09T10:54:46.324+0000] {processor.py:183} INFO - Processing /opt/airflow/dags/partition_event_logs_dag.py took 0.132 seconds
[2026-03-09T10:55:16.746+0000] {processor.py:161} INFO - Started process (PID=375) to work on /opt/airflow/dags/partition_event_logs_dag.py
[2026-03-09T10:55:16.748+0000] {processor.py:830} INFO - Processing file /opt/airflow/dags/partition_event_logs_dag.py for tasks to queue
[2026-03-09T10:55:16.752+0000] {logging_mixin.py:188} INFO - [2026-03-09T10:55:16.751+0000] {dagbag.py:545} INFO - Filling up the DagBag from /opt/airflow/dags/partition_event_logs_dag.py
[2026-03-09T10:55:16.779+0000] {processor.py:840} INFO - DAG(s) 'partition_event_logs' retrieved from /opt/airflow/dags/partition_event_logs_dag.py
[2026-03-09T10:55:16.829+0000] {logging_mixin.py:188} INFO - [2026-03-09T10:55:16.829+0000] {dag.py:3089} INFO - Sync 1 DAGs
[2026-03-09T10:55:16.845+0000] {logging_mixin.py:188} INFO - [2026-03-09T10:55:16.845+0000] {dag.py:3947} INFO - Setting next_dagrun for partition_event_logs to None, run_after=None
[2026-03-09T10:55:16.862+0000] {processor.py:183} INFO - Processing /opt/airflow/dags/partition_event_logs_dag.py took 0.126 seconds
[2026-03-09T10:55:47.207+0000] {processor.py:161} INFO - Started process (PID=379) to work on /opt/airflow/dags/partition_event_logs_dag.py
[2026-03-09T10:55:47.209+0000] {processor.py:830} INFO - Processing file /opt/airflow/dags/partition_event_logs_dag.py for tasks to queue
[2026-03-09T10:55:47.216+0000] {logging_mixin.py:188} INFO - [2026-03-09T10:55:47.216+0000] {dagbag.py:545} INFO - Filling up the DagBag from /opt/airflow/dags/partition_event_logs_dag.py
[2026-03-09T10:55:47.241+0000] {processor.py:840} INFO - DAG(s) 'partition_event_logs' retrieved from /opt/airflow/dags/partition_event_logs_dag.py
[2026-03-09T10:55:47.282+0000] {logging_mixin.py:188} INFO - [2026-03-09T10:55:47.282+0000] {dag.py:3089} INFO - Sync 1 DAGs
[2026-03-09T10:55:47.296+0000] {logging_mixin.py:188} INFO - [2026-03-09T10:55:47.296+0000] {dag.py:3947} INFO - Setting next_dagrun for partition_event_logs to None, run_after=None
[2026-03-09T10:55:47.313+0000] {processor.py:183} INFO - Processing /opt/airflow/dags/partition_event_logs_dag.py took 0.115 seconds
[2026-03-09T10:56:17.645+0000] {processor.py:161} INFO - Started process (PID=383) to work on /opt/airflow/dags/partition_event_logs_dag.py
[2026-03-09T10:56:17.647+0000] {processor.py:830} INFO - Processing file /opt/airflow/dags/partition_event_logs_dag.py for tasks to queue
[2026-03-09T10:56:17.650+0000] {logging_mixin.py:188} INFO - [2026-03-09T10:56:17.649+0000] {dagbag.py:545} INFO - Filling up the DagBag from /opt/airflow/dags/partition_event_logs_dag.py
[2026-03-09T10:56:17.675+0000] {processor.py:840} INFO - DAG(s) 'partition_event_logs' retrieved from /opt/airflow/dags/partition_event_logs_dag.py
[2026-03-09T10:56:17.726+0000] {logging_mixin.py:188} INFO - [2026-03-09T10:56:17.726+0000] {dag.py:3089} INFO - Sync 1 DAGs
[2026-03-09T10:56:17.742+0000] {logging_mixin.py:188} INFO - [2026-03-09T10:56:17.742+0000] {dag.py:3947} INFO - Setting next_dagrun for partition_event_logs to None, run_after=None
[2026-03-09T10:56:17.767+0000] {processor.py:183} INFO - Processing /opt/airflow/dags/partition_event_logs_dag.py took 0.134 seconds
[2026-03-09T10:56:48.110+0000] {processor.py:161} INFO - Started process (PID=387) to work on /opt/airflow/dags/partition_event_logs_dag.py
[2026-03-09T10:56:48.114+0000] {processor.py:830} INFO - Processing file /opt/airflow/dags/partition_event_logs_dag.py for tasks to queue
[2026-03-09T10:56:48.119+0000] {logging_mixin.py:188} INFO - [2026-03-09T10:56:48.119+0000] {dagbag.py:545} INFO - Filling up the DagBag from /opt/airflow/dags/partition_event_logs_dag.py
[2026-03-09T10:56:48.141+0000] {processor.py:840} INFO - DAG(s) 'partition_event_logs' retrieved from /opt/airflow/dags/partition_event_logs_dag.py
[2026-03-09T10:56:48.196+0000] {logging_mixin.py:188} INFO - [2026-03-09T10:56:48.196+0000] {dag.py:3089} INFO - Sync 1 DAGs
[2026-03-09T10:56:48.212+0000] {logging_mixin.py:188} INFO - [2026-03-09T10:56:48.211+0000] {dag.py:3947} INFO - Setting next_dagrun for partition_event_logs to None, run_after=None
[2026-03-09T10:56:48.232+0000] {processor.py:183} INFO - Processing /opt/airflow/dags/partition_event_logs_dag.py took 0.143 seconds
[2026-03-09T10:57:18.668+0000] {processor.py:161} INFO - Started process (PID=391) to work on /opt/airflow/dags/partition_event_logs_dag.py
[2026-03-09T10:57:18.671+0000] {processor.py:830} INFO - Processing file /opt/airflow/dags/partition_event_logs_dag.py for tasks to queue
[2026-03-09T10:57:18.679+0000] {logging_mixin.py:188} INFO - [2026-03-09T10:57:18.678+0000] {dagbag.py:545} INFO - Filling up the DagBag from /opt/airflow/dags/partition_event_logs_dag.py
[2026-03-09T10:57:18.709+0000] {processor.py:840} INFO - DAG(s) 'partition_event_logs' retrieved from /opt/airflow/dags/partition_event_logs_dag.py
[2026-03-09T10:57:18.757+0000] {logging_mixin.py:188} INFO - [2026-03-09T10:57:18.757+0000] {dag.py:3089} INFO - Sync 1 DAGs
[2026-03-09T10:57:18.782+0000] {logging_mixin.py:188} INFO - [2026-03-09T10:57:18.782+0000] {dag.py:3947} INFO - Setting next_dagrun for partition_event_logs to None, run_after=None
[2026-03-09T10:57:18.800+0000] {processor.py:183} INFO - Processing /opt/airflow/dags/partition_event_logs_dag.py took 0.149 seconds
[2026-03-09T10:57:49.205+0000] {processor.py:161} INFO - Started process (PID=395) to work on /opt/airflow/dags/partition_event_logs_dag.py
[2026-03-09T10:57:49.207+0000] {processor.py:830} INFO - Processing file /opt/airflow/dags/partition_event_logs_dag.py for tasks to queue
[2026-03-09T10:57:49.211+0000] {logging_mixin.py:188} INFO - [2026-03-09T10:57:49.210+0000] {dagbag.py:545} INFO - Filling up the DagBag from /opt/airflow/dags/partition_event_logs_dag.py
[2026-03-09T10:57:49.233+0000] {processor.py:840} INFO - DAG(s) 'partition_event_logs' retrieved from /opt/airflow/dags/partition_event_logs_dag.py
[2026-03-09T10:57:49.278+0000] {logging_mixin.py:188} INFO - [2026-03-09T10:57:49.278+0000] {dag.py:3089} INFO - Sync 1 DAGs
[2026-03-09T10:57:49.295+0000] {logging_mixin.py:188} INFO - [2026-03-09T10:57:49.295+0000] {dag.py:3947} INFO - Setting next_dagrun for partition_event_logs to None, run_after=None
[2026-03-09T10:57:49.314+0000] {processor.py:183} INFO - Processing /opt/airflow/dags/partition_event_logs_dag.py took 0.125 seconds
