[2026-03-09T08:31:17.424+0000] {local_task_job_runner.py:120} INFO - ::group::Pre task execution logs
[2026-03-09T08:31:17.444+0000] {taskinstance.py:2076} INFO - Dependencies all met for dep_context=non-requeueable deps ti=<TaskInstance: build_datamarts.build_support_efficiency_datamart manual__2026-03-09T08:31:13.064847+00:00 [queued]>
[2026-03-09T08:31:17.448+0000] {taskinstance.py:2076} INFO - Dependencies all met for dep_context=requeueable deps ti=<TaskInstance: build_datamarts.build_support_efficiency_datamart manual__2026-03-09T08:31:13.064847+00:00 [queued]>
[2026-03-09T08:31:17.449+0000] {taskinstance.py:2306} INFO - Starting attempt 1 of 1
[2026-03-09T08:31:17.455+0000] {taskinstance.py:2330} INFO - Executing <Task(BashOperator): build_support_efficiency_datamart> on 2026-03-09 08:31:13.064847+00:00
[2026-03-09T08:31:17.461+0000] {standard_task_runner.py:90} INFO - Running: ['***', 'tasks', 'run', 'build_datamarts', 'build_support_efficiency_datamart', 'manual__2026-03-09T08:31:13.064847+00:00', '--job-id', '11', '--raw', '--subdir', 'DAGS_FOLDER/datamarts_dag.py', '--cfg-path', '/tmp/tmp6rphs42x']
[2026-03-09T08:31:17.462+0000] {standard_task_runner.py:91} INFO - Job 11: Subtask build_support_efficiency_datamart
[2026-03-09T08:31:17.458+0000] {standard_task_runner.py:64} INFO - Started process 68 to run task
[2026-03-09T08:31:17.495+0000] {task_command.py:426} INFO - Running <TaskInstance: build_datamarts.build_support_efficiency_datamart manual__2026-03-09T08:31:13.064847+00:00 [running]> on host b6c7c57dde04
[2026-03-09T08:31:17.549+0000] {taskinstance.py:2648} INFO - Exporting env vars: AIRFLOW_CTX_DAG_OWNER='***' AIRFLOW_CTX_DAG_ID='build_datamarts' AIRFLOW_CTX_TASK_ID='build_support_efficiency_datamart' AIRFLOW_CTX_EXECUTION_DATE='2026-03-09T08:31:13.064847+00:00' AIRFLOW_CTX_TRY_NUMBER='1' AIRFLOW_CTX_DAG_RUN_ID='manual__2026-03-09T08:31:13.064847+00:00'
[2026-03-09T08:31:17.550+0000] {taskinstance.py:430} INFO - ::endgroup::
[2026-03-09T08:31:17.559+0000] {subprocess.py:63} INFO - Tmp dir root location: /tmp
[2026-03-09T08:31:17.560+0000] {subprocess.py:75} INFO - Running command: ['/usr/bin/bash', '-c', 'python /opt/***/scripts/build_datamarts.py build_support_efficiency']
[2026-03-09T08:31:17.565+0000] {subprocess.py:86} INFO - Output:
[2026-03-09T08:31:17.672+0000] {subprocess.py:93} INFO - Datamart etl.dm_support_efficiency created successfully.
[2026-03-09T08:31:17.677+0000] {subprocess.py:97} INFO - Command exited with return code 0
[2026-03-09T08:31:17.677+0000] {taskinstance.py:441} INFO - ::group::Post task execution logs
[2026-03-09T08:31:17.692+0000] {taskinstance.py:1206} INFO - Marking task as SUCCESS. dag_id=build_datamarts, task_id=build_support_efficiency_datamart, run_id=manual__2026-03-09T08:31:13.064847+00:00, execution_date=20260309T083113, start_date=20260309T083117, end_date=20260309T083117
[2026-03-09T08:31:17.732+0000] {local_task_job_runner.py:243} INFO - Task exited with return code 0
[2026-03-09T08:31:17.742+0000] {taskinstance.py:3503} INFO - 0 downstream tasks scheduled from follow-on schedule check
[2026-03-09T08:31:17.743+0000] {local_task_job_runner.py:222} INFO - ::endgroup::
