[2026-03-09T08:31:15.076+0000] {local_task_job_runner.py:120} INFO - ::group::Pre task execution logs
[2026-03-09T08:31:15.112+0000] {taskinstance.py:2076} INFO - Dependencies all met for dep_context=non-requeueable deps ti=<TaskInstance: build_datamarts.build_user_activity_datamart manual__2026-03-09T08:31:13.064847+00:00 [queued]>
[2026-03-09T08:31:15.123+0000] {taskinstance.py:2076} INFO - Dependencies all met for dep_context=requeueable deps ti=<TaskInstance: build_datamarts.build_user_activity_datamart manual__2026-03-09T08:31:13.064847+00:00 [queued]>
[2026-03-09T08:31:15.124+0000] {taskinstance.py:2306} INFO - Starting attempt 1 of 1
[2026-03-09T08:31:15.135+0000] {taskinstance.py:2330} INFO - Executing <Task(BashOperator): build_user_activity_datamart> on 2026-03-09 08:31:13.064847+00:00
[2026-03-09T08:31:15.141+0000] {standard_task_runner.py:64} INFO - Started process 56 to run task
[2026-03-09T08:31:15.143+0000] {standard_task_runner.py:90} INFO - Running: ['***', 'tasks', 'run', 'build_datamarts', 'build_user_activity_datamart', 'manual__2026-03-09T08:31:13.064847+00:00', '--job-id', '10', '--raw', '--subdir', 'DAGS_FOLDER/datamarts_dag.py', '--cfg-path', '/tmp/tmpwryoar5_']
[2026-03-09T08:31:15.145+0000] {standard_task_runner.py:91} INFO - Job 10: Subtask build_user_activity_datamart
[2026-03-09T08:31:15.207+0000] {task_command.py:426} INFO - Running <TaskInstance: build_datamarts.build_user_activity_datamart manual__2026-03-09T08:31:13.064847+00:00 [running]> on host b6c7c57dde04
[2026-03-09T08:31:15.268+0000] {taskinstance.py:2648} INFO - Exporting env vars: AIRFLOW_CTX_DAG_OWNER='***' AIRFLOW_CTX_DAG_ID='build_datamarts' AIRFLOW_CTX_TASK_ID='build_user_activity_datamart' AIRFLOW_CTX_EXECUTION_DATE='2026-03-09T08:31:13.064847+00:00' AIRFLOW_CTX_TRY_NUMBER='1' AIRFLOW_CTX_DAG_RUN_ID='manual__2026-03-09T08:31:13.064847+00:00'
[2026-03-09T08:31:15.269+0000] {taskinstance.py:430} INFO - ::endgroup::
[2026-03-09T08:31:15.279+0000] {subprocess.py:63} INFO - Tmp dir root location: /tmp
[2026-03-09T08:31:15.280+0000] {subprocess.py:75} INFO - Running command: ['/usr/bin/bash', '-c', 'python /opt/***/scripts/build_datamarts.py build_user_activity']
[2026-03-09T08:31:15.286+0000] {subprocess.py:86} INFO - Output:
[2026-03-09T08:31:15.419+0000] {subprocess.py:93} INFO - Datamart etl.dm_user_activity created successfully.
[2026-03-09T08:31:15.424+0000] {subprocess.py:97} INFO - Command exited with return code 0
[2026-03-09T08:31:15.425+0000] {taskinstance.py:441} INFO - ::group::Post task execution logs
[2026-03-09T08:31:15.440+0000] {taskinstance.py:1206} INFO - Marking task as SUCCESS. dag_id=build_datamarts, task_id=build_user_activity_datamart, run_id=manual__2026-03-09T08:31:13.064847+00:00, execution_date=20260309T083113, start_date=20260309T083115, end_date=20260309T083115
[2026-03-09T08:31:15.456+0000] {local_task_job_runner.py:243} INFO - Task exited with return code 0
[2026-03-09T08:31:15.471+0000] {taskinstance.py:3503} INFO - 1 downstream tasks scheduled from follow-on schedule check
[2026-03-09T08:31:15.472+0000] {local_task_job_runner.py:222} INFO - ::endgroup::
