[2026-03-09T08:56:02.011+0000] {local_task_job_runner.py:120} INFO - ::group::Pre task execution logs
[2026-03-09T08:56:02.033+0000] {taskinstance.py:2076} INFO - Dependencies all met for dep_context=non-requeueable deps ti=<TaskInstance: mongo_to_postgres_etl.load_event_logs manual__2026-03-09T08:55:52.528368+00:00 [queued]>
[2026-03-09T08:56:02.038+0000] {taskinstance.py:2076} INFO - Dependencies all met for dep_context=requeueable deps ti=<TaskInstance: mongo_to_postgres_etl.load_event_logs manual__2026-03-09T08:55:52.528368+00:00 [queued]>
[2026-03-09T08:56:02.038+0000] {taskinstance.py:2306} INFO - Starting attempt 1 of 1
[2026-03-09T08:56:02.045+0000] {taskinstance.py:2330} INFO - Executing <Task(BashOperator): load_event_logs> on 2026-03-09 08:55:52.528368+00:00
[2026-03-09T08:56:02.048+0000] {standard_task_runner.py:64} INFO - Started process 84 to run task
[2026-03-09T08:56:02.050+0000] {standard_task_runner.py:90} INFO - Running: ['***', 'tasks', 'run', 'mongo_to_postgres_etl', 'load_event_logs', 'manual__2026-03-09T08:55:52.528368+00:00', '--job-id', '15', '--raw', '--subdir', 'DAGS_FOLDER/mongo_to_postgres_dag.py', '--cfg-path', '/tmp/tmppksxh761']
[2026-03-09T08:56:02.052+0000] {standard_task_runner.py:91} INFO - Job 15: Subtask load_event_logs
[2026-03-09T08:56:02.088+0000] {task_command.py:426} INFO - Running <TaskInstance: mongo_to_postgres_etl.load_event_logs manual__2026-03-09T08:55:52.528368+00:00 [running]> on host b6c7c57dde04
[2026-03-09T08:56:02.140+0000] {taskinstance.py:2648} INFO - Exporting env vars: AIRFLOW_CTX_DAG_OWNER='***' AIRFLOW_CTX_DAG_ID='mongo_to_postgres_etl' AIRFLOW_CTX_TASK_ID='load_event_logs' AIRFLOW_CTX_EXECUTION_DATE='2026-03-09T08:55:52.528368+00:00' AIRFLOW_CTX_TRY_NUMBER='1' AIRFLOW_CTX_DAG_RUN_ID='manual__2026-03-09T08:55:52.528368+00:00'
[2026-03-09T08:56:02.142+0000] {taskinstance.py:430} INFO - ::endgroup::
[2026-03-09T08:56:02.151+0000] {subprocess.py:63} INFO - Tmp dir root location: /tmp
[2026-03-09T08:56:02.151+0000] {subprocess.py:75} INFO - Running command: ['/usr/bin/bash', '-c', 'python /opt/***/scripts/mongo_to_postgres_etl.py load_event_logs']
[2026-03-09T08:56:02.157+0000] {subprocess.py:86} INFO - Output:
[2026-03-09T08:56:02.692+0000] {subprocess.py:93} INFO - Loaded event_logs: 1000
[2026-03-09T08:56:03.090+0000] {subprocess.py:97} INFO - Command exited with return code 0
[2026-03-09T08:56:03.090+0000] {taskinstance.py:441} INFO - ::group::Post task execution logs
[2026-03-09T08:56:03.214+0000] {taskinstance.py:1206} INFO - Marking task as SUCCESS. dag_id=mongo_to_postgres_etl, task_id=load_event_logs, run_id=manual__2026-03-09T08:55:52.528368+00:00, execution_date=20260309T085552, start_date=20260309T085602, end_date=20260309T085603
[2026-03-09T08:56:03.238+0000] {local_task_job_runner.py:243} INFO - Task exited with return code 0
[2026-03-09T08:56:03.254+0000] {taskinstance.py:3503} INFO - 1 downstream tasks scheduled from follow-on schedule check
[2026-03-09T08:56:03.255+0000] {local_task_job_runner.py:222} INFO - ::endgroup::
