[2026-03-09T08:55:55.248+0000] {local_task_job_runner.py:120} INFO - ::group::Pre task execution logs
[2026-03-09T08:55:55.268+0000] {taskinstance.py:2076} INFO - Dependencies all met for dep_context=non-requeueable deps ti=<TaskInstance: mongo_to_postgres_etl.create_postgres_schema manual__2026-03-09T08:55:52.528368+00:00 [queued]>
[2026-03-09T08:55:55.273+0000] {taskinstance.py:2076} INFO - Dependencies all met for dep_context=requeueable deps ti=<TaskInstance: mongo_to_postgres_etl.create_postgres_schema manual__2026-03-09T08:55:52.528368+00:00 [queued]>
[2026-03-09T08:55:55.273+0000] {taskinstance.py:2306} INFO - Starting attempt 1 of 1
[2026-03-09T08:55:55.279+0000] {taskinstance.py:2330} INFO - Executing <Task(BashOperator): create_postgres_schema> on 2026-03-09 08:55:52.528368+00:00
[2026-03-09T08:55:55.285+0000] {standard_task_runner.py:64} INFO - Started process 57 to run task
[2026-03-09T08:55:55.291+0000] {standard_task_runner.py:90} INFO - Running: ['***', 'tasks', 'run', 'mongo_to_postgres_etl', 'create_postgres_schema', 'manual__2026-03-09T08:55:52.528368+00:00', '--job-id', '13', '--raw', '--subdir', 'DAGS_FOLDER/mongo_to_postgres_dag.py', '--cfg-path', '/tmp/tmpwuc84v2r']
[2026-03-09T08:55:55.299+0000] {standard_task_runner.py:91} INFO - Job 13: Subtask create_postgres_schema
[2026-03-09T08:55:55.354+0000] {task_command.py:426} INFO - Running <TaskInstance: mongo_to_postgres_etl.create_postgres_schema manual__2026-03-09T08:55:52.528368+00:00 [running]> on host b6c7c57dde04
[2026-03-09T08:55:55.440+0000] {taskinstance.py:2648} INFO - Exporting env vars: AIRFLOW_CTX_DAG_OWNER='***' AIRFLOW_CTX_DAG_ID='mongo_to_postgres_etl' AIRFLOW_CTX_TASK_ID='create_postgres_schema' AIRFLOW_CTX_EXECUTION_DATE='2026-03-09T08:55:52.528368+00:00' AIRFLOW_CTX_TRY_NUMBER='1' AIRFLOW_CTX_DAG_RUN_ID='manual__2026-03-09T08:55:52.528368+00:00'
[2026-03-09T08:55:55.441+0000] {taskinstance.py:430} INFO - ::endgroup::
[2026-03-09T08:55:55.452+0000] {subprocess.py:63} INFO - Tmp dir root location: /tmp
[2026-03-09T08:55:55.453+0000] {subprocess.py:75} INFO - Running command: ['/usr/bin/bash', '-c', 'python /opt/***/scripts/init_postgres.py']
[2026-03-09T08:55:55.459+0000] {subprocess.py:86} INFO - Output:
[2026-03-09T08:55:55.592+0000] {subprocess.py:93} INFO - PostgreSQL schema and tables created successfully.
[2026-03-09T08:55:55.597+0000] {subprocess.py:97} INFO - Command exited with return code 0
[2026-03-09T08:55:55.598+0000] {taskinstance.py:441} INFO - ::group::Post task execution logs
[2026-03-09T08:55:55.746+0000] {taskinstance.py:1206} INFO - Marking task as SUCCESS. dag_id=mongo_to_postgres_etl, task_id=create_postgres_schema, run_id=manual__2026-03-09T08:55:52.528368+00:00, execution_date=20260309T085552, start_date=20260309T085555, end_date=20260309T085555
[2026-03-09T08:55:55.780+0000] {local_task_job_runner.py:243} INFO - Task exited with return code 0
[2026-03-09T08:55:55.797+0000] {taskinstance.py:3503} INFO - 1 downstream tasks scheduled from follow-on schedule check
[2026-03-09T08:55:55.798+0000] {local_task_job_runner.py:222} INFO - ::endgroup::
